#
# A fatal error has been detected by the Java Runtime Environment:
#
#  EXCEPTION_ACCESS_VIOLATION (0xc0000005) at pc=0x00007ffa4fa63d56, pid=8348, tid=24860
#
# JRE version: OpenJDK Runtime Environment Temurin-11.0.15+10 (11.0.15+10) (build 11.0.15+10)
# Java VM: OpenJDK 64-Bit Server VM Temurin-11.0.15+10 (11.0.15+10, mixed mode, tiered, compressed oops, g1 gc, windows-amd64)
# Problematic frame:
# V  [jvm.dll+0x193d56]
#
# No core dump will be written. Minidumps are not enabled by default on client versions of Windows
#
# If you would like to submit a bug report, please visit:
#   https://github.com/adoptium/adoptium-support/issues
#

---------------  S U M M A R Y ------------

Command Line: -javaagent:C:\Program Files\JetBrains\IntelliJ IDEA Community Edition 2022.2.2\lib\idea_rt.jar=61567:C:\Program Files\JetBrains\IntelliJ IDEA Community Edition 2022.2.2\bin -Dfile.encoding=UTF-8 org.psd.server.ServerPSD.ServerPSDApplication

Host: AMD Ryzen 5 5600X 6-Core Processor             , 12 cores, 15G,  Windows 10 , 64 bit Build 19041 (10.0.19041.2251)
Time: Sat Nov 26 02:21:30 2022 GMT Standard Time elapsed time: 3.526296 seconds (0d 0h 0m 3s)

---------------  T H R E A D  ---------------

Current thread (0x000002b823e39800):  GCTaskThread "GC Thread#7" [stack: 0x000000bd8a500000,0x000000bd8a600000] [id=24860]

Stack: [0x000000bd8a500000,0x000000bd8a600000],  sp=0x000000bd8a5ff5a8,  free space=1021k
Native frames: (J=compiled Java code, j=interpreted, Vv=VM code, C=native code)
V  [jvm.dll+0x193d56]


siginfo: EXCEPTION_ACCESS_VIOLATION (0xc0000005), reading address 0x0000000809d3a7cb


Register to memory mapping:

RIP=0x00007ffa4fa63d56 jvm.dll
RAX=0x0000000000000001 is an unknown value
RBX=0x0000000709d3b884 is pointing into object: java.util.concurrent.ConcurrentHashMap$Node 
{0x0000000709d3b870} - klass: 'java/util/concurrent/ConcurrentHashMap$Node'
RCX=0x0000000707fea880 is pointing into object: java.lang.Object 
{0x0000000707fea878} - klass: 'java/lang/Object'
RDX=0x0000000707fea880 is pointing into object: java.lang.Object 
{0x0000000707fea878} - klass: 'java/lang/Object'
RSP=0x000000bd8a5ff5a8 points into unknown readable memory: 0x00007ffa4fbd89ee | ee 89 bd 4f fa 7f 00 00
RBP=0x000002b82658ed60 points into unknown readable memory: 0x00007ffa50188698 | 98 86 18 50 fa 7f 00 00
RSI=0x000002b82658ed60 points into unknown readable memory: 0x00007ffa50188698 | 98 86 18 50 fa 7f 00 00
RDI=0x0000000000000001 is an unknown value
R8 =0x0000000707fea880 is pointing into object: java.lang.Object 
{0x0000000707fea878} - klass: 'java/lang/Object'
R9 =0x0000000809d3a7c3 is an unknown value
R10=0x0000000709d3b89c is pointing into object: java.lang.String 
{0x0000000709d3b890} - klass: 'java/lang/String'
R11=0x000002b82658eed0 points into unknown readable memory: 0x00007ffa50188650 | 50 86 18 50 fa 7f 00 00
R12=0x0 is NULL
R13=0x00007ffa501891b0 jvm.dll
R14=0x0000000707fea880 is pointing into object: java.lang.Object 
{0x0000000707fea878} - klass: 'java/lang/Object'
R15=4096 is a compressed pointer to class: 0x0000000800001000
java.lang.Object {0x0000000800001008}


Registers:
RAX=0x0000000000000001, RBX=0x0000000709d3b884, RCX=0x0000000707fea880, RDX=0x0000000707fea880
RSP=0x000000bd8a5ff5a8, RBP=0x000002b82658ed60, RSI=0x000002b82658ed60, RDI=0x0000000000000001
R8 =0x0000000707fea880, R9 =0x0000000809d3a7c3, R10=0x0000000709d3b89c, R11=0x000002b82658eed0
R12=0x0000000000000000, R13=0x00007ffa501891b0, R14=0x0000000707fea880, R15=0x0000000000001000
RIP=0x00007ffa4fa63d56, EFLAGS=0x0000000000010206

Top of Stack: (sp=0x000000bd8a5ff5a8)
0x000000bd8a5ff5a8:   00007ffa4fbd89ee 0000000709d3b801
0x000000bd8a5ff5b8:   0000000709d3b8a8 0000000709d3b890
0x000000bd8a5ff5c8:   0000000000000546 0000000700000546
0x000000bd8a5ff5d8:   0000000000020000 0000000709d17230
0x000000bd8a5ff5e8:   00007ffa4fbb1e0e 000002b82658ed60
0x000000bd8a5ff5f8:   0000000000000040 000002b876c83970
0x000000bd8a5ff608:   00007ffa501891b0 0000000000000000
0x000000bd8a5ff618:   000002b876c838f0 0000000000000100
0x000000bd8a5ff628:   00007ffa4fbd7343 000002b82658ed60
0x000000bd8a5ff638:   000002b876c83970 0000000000000019
0x000000bd8a5ff648:   0000000709d3b884 0000000000000000
0x000000bd8a5ff658:   0000000709d3b885 000000bd8a5ff6f0
0x000000bd8a5ff668:   00007ffa4fbe1fab 00000007015cbbf0
0x000000bd8a5ff678:   00000007015cb7e8 0000000000000100
0x000000bd8a5ff688:   000000bd8a5ff898 000000bd8a5ff870
0x000000bd8a5ff698:   0000000000000003 0000000000000000 

Instructions: (pc=0x00007ffa4fa63d56)
0x00007ffa4fa63c56:   eb 04 48 8b 43 08 81 78 08 00 00 00 c0 73 7d 48
0x00007ffa4fa63c66:   8b 4f 38 48 8b d3 48 8b 01 ff 50 20 84 c0 75 6c
0x00007ffa4fa63c76:   38 05 25 73 91 00 74 15 8b 53 08 8b 0d d1 ba 8c
0x00007ffa4fa63c86:   00 48 d3 e2 48 03 15 bf ba 8c 00 eb 04 48 8b 53
0x00007ffa4fa63c96:   08 48 8b cb 48 89 5c 24 20 e8 ac 00 00 00 80 7f
0x00007ffa4fa63ca6:   30 00 48 63 c8 48 89 4c 24 28 0f 28 44 24 20 74
0x00007ffa4fa63cb6:   17 0f 11 86 98 03 00 00 48 8b 5c 24 40 48 8b 74
0x00007ffa4fa63cc6:   24 48 48 83 c4 30 5f c3 48 8b 07 48 8d 54 24 20
0x00007ffa4fa63cd6:   48 8b cf 66 0f 7f 44 24 20 ff 50 38 48 8b 5c 24
0x00007ffa4fa63ce6:   40 48 8b 74 24 48 48 83 c4 30 5f c3 cc cc cc cc
0x00007ffa4fa63cf6:   cc cc cc cc cc cc cc cc cc cc 48 8b 49 38 48 8b
0x00007ffa4fa63d06:   01 48 ff 60 28 cc cc cc cc cc 80 3d 8a 72 91 00
0x00007ffa4fa63d16:   00 48 8b c1 74 1b 8b 51 08 8b 0d 33 ba 8c 00 48
0x00007ffa4fa63d26:   d3 e2 48 8b c8 48 03 15 1e ba 8c 00 e9 19 00 00
0x00007ffa4fa63d36:   00 48 8b 51 08 48 8b c8 e9 0d 00 00 00 cc cc cc
0x00007ffa4fa63d46:   cc cc cc cc cc cc cc cc cc cc 4c 8b ca 48 8b d1
0x00007ffa4fa63d56:   45 8b 41 08 45 85 c0 7e 0e 41 f6 c0 01 75 56 41
0x00007ffa4fa63d66:   c1 f8 03 41 8b c0 c3 79 4c 80 3d 2b 72 91 00 00
0x00007ffa4fa63d76:   b8 0c 00 00 00 b9 10 00 00 00 0f 45 c8 8b 05 eb
0x00007ffa4fa63d86:   e9 8a 00 ff c8 4c 63 c8 48 63 14 11 41 8b c8 83
0x00007ffa4fa63d96:   e1 3f 48 d3 e2 41 8b c8 48 c1 f9 10 0f b6 c1 49
0x00007ffa4fa63da6:   8d 0c 11 49 f7 d1 48 03 c1 49 c1 e9 03 48 c1 e8
0x00007ffa4fa63db6:   03 41 23 c1 c3 49 8b 01 49 8b c9 48 ff a0 10 01
0x00007ffa4fa63dc6:   00 00 cc cc cc cc cc cc cc cc 48 8b c2 c3 cc cc
0x00007ffa4fa63dd6:   cc cc cc cc cc cc cc cc cc cc 48 83 ec 38 48 8b
0x00007ffa4fa63de6:   c1 48 8b 49 38 80 79 08 00 74 04 48 8b 48 38 0f
0x00007ffa4fa63df6:   10 02 48 8d 54 24 20 0f 29 44 24 20 e8 09 f0 ff
0x00007ffa4fa63e06:   ff 48 83 c4 38 c3 cc cc cc cc 48 83 ec 38 0f 10
0x00007ffa4fa63e16:   02 48 8b 01 48 8d 54 24 20 0f 29 44 24 20 ff 50
0x00007ffa4fa63e26:   38 48 83 c4 38 c3 cc cc cc cc 48 89 5c 24 08 55
0x00007ffa4fa63e36:   56 57 41 54 41 55 41 56 41 57 48 8d 6c 24 e0 48
0x00007ffa4fa63e46:   81 ec 20 01 00 00 48 8b 05 f5 41 8e 00 48 33 c4 


Stack slot to memory mapping:
stack at sp + 0 slots: 0x00007ffa4fbd89ee jvm.dll
stack at sp + 1 slots: 0x0000000709d3b801 is pointing into object: java.lang.String 
{0x0000000709d3b7f8} - klass: 'java/lang/String'
stack at sp + 2 slots: 0x0000000709d3b8a8 is an oop: [B 
{0x0000000709d3b8a8} - klass: {type array byte}
 - length: 42
stack at sp + 3 slots: 0x0000000709d3b890 is an oop: java.lang.String 
{0x0000000709d3b890} - klass: 'java/lang/String'
stack at sp + 4 slots: 0x0000000000000546 is an unknown value
stack at sp + 5 slots: 0x0000000700000546 is an unknown value
stack at sp + 6 slots: 0x0000000000020000 is an unknown value
stack at sp + 7 slots: 0x0000000709d17230 is an oop: [Ljava.util.concurrent.ConcurrentHashMap$Node; 
{0x0000000709d17230} - klass: 'java/util/concurrent/ConcurrentHashMap$Node'[]
 - length: 16384


---------------  P R O C E S S  ---------------

Threads class SMR info:
_java_thread_list=0x000002b825eed5b0, length=21, elements={
0x000002b876c6a000, 0x000002b87f773800, 0x000002b87f775000, 0x000002b87f779000,
0x000002b87f77b800, 0x000002b87f77d800, 0x000002b81d73d800, 0x000002b81d743000,
0x000002b81d745800, 0x000002b81d8b9800, 0x000002b81d8a8000, 0x000002b81dc86000,
0x000002b822959800, 0x000002b8212b7000, 0x000002b8222e8000, 0x000002b821d7e800,
0x000002b820d8e800, 0x000002b821cd6800, 0x000002b82226d000, 0x000002b82226b000,
0x000002b82226c000
}

Java Threads: ( => current thread )
  0x000002b876c6a000 JavaThread "main" [_thread_blocked, id=4604, stack(0x000000bd88100000,0x000000bd88200000)]
  0x000002b87f773800 JavaThread "Reference Handler" daemon [_thread_blocked, id=15576, stack(0x000000bd88800000,0x000000bd88900000)]
  0x000002b87f775000 JavaThread "Finalizer" daemon [_thread_blocked, id=5388, stack(0x000000bd88900000,0x000000bd88a00000)]
  0x000002b87f779000 JavaThread "Signal Dispatcher" daemon [_thread_blocked, id=17256, stack(0x000000bd88a00000,0x000000bd88b00000)]
  0x000002b87f77b800 JavaThread "Attach Listener" daemon [_thread_blocked, id=13572, stack(0x000000bd88b00000,0x000000bd88c00000)]
  0x000002b87f77d800 JavaThread "Service Thread" daemon [_thread_blocked, id=21456, stack(0x000000bd88c00000,0x000000bd88d00000)]
  0x000002b81d73d800 JavaThread "C2 CompilerThread0" daemon [_thread_blocked, id=18116, stack(0x000000bd88d00000,0x000000bd88e00000)]
  0x000002b81d743000 JavaThread "C1 CompilerThread0" daemon [_thread_blocked, id=5904, stack(0x000000bd88e00000,0x000000bd88f00000)]
  0x000002b81d745800 JavaThread "Sweeper thread" daemon [_thread_blocked, id=17748, stack(0x000000bd88f00000,0x000000bd89000000)]
  0x000002b81d8b9800 JavaThread "Common-Cleaner" daemon [_thread_blocked, id=17696, stack(0x000000bd89000000,0x000000bd89100000)]
  0x000002b81d8a8000 JavaThread "C2 CompilerThread1" daemon [_thread_blocked, id=6572, stack(0x000000bd89100000,0x000000bd89200000)]
  0x000002b81dc86000 JavaThread "Monitor Ctrl-Break" daemon [_thread_in_native, id=26568, stack(0x000000bd89200000,0x000000bd89300000)]
  0x000002b822959800 JavaThread "MVStore background writer C:/Users/Bruno Cotrim/IdeaProjects/PSD/ServerPSD/data/serverPSD.mv.db" daemon [_thread_blocked, id=248, stack(0x000000bd89c00000,0x000000bd89d00000)]
  0x000002b8212b7000 JavaThread "HikariPool-1 housekeeper" daemon [_thread_blocked, id=24548, stack(0x000000bd89d00000,0x000000bd89e00000)]
  0x000002b8222e8000 JavaThread "HikariPool-1 connection adder" daemon [_thread_blocked, id=14584, stack(0x000000bd89e00000,0x000000bd89f00000)]
  0x000002b821d7e800 JavaThread "H2-serialization" daemon [_thread_blocked, id=12628, stack(0x000000bd89f00000,0x000000bd8a000000)]
  0x000002b820d8e800 JavaThread "H2-save" daemon [_thread_blocked, id=4444, stack(0x000000bd8a000000,0x000000bd8a100000)]
  0x000002b821cd6800 JavaThread "C2 CompilerThread2" daemon [_thread_blocked, id=8296, stack(0x000000bd89900000,0x000000bd89a00000)]
  0x000002b82226d000 JavaThread "Catalina-utility-1" [_thread_blocked, id=26380, stack(0x000000bd8a100000,0x000000bd8a200000)]
  0x000002b82226b000 JavaThread "Catalina-utility-2" [_thread_blocked, id=22144, stack(0x000000bd8a200000,0x000000bd8a300000)]
  0x000002b82226c000 JavaThread "container-0" [_thread_blocked, id=25836, stack(0x000000bd8a300000,0x000000bd8a400000)]

Other Threads:
  0x000002b87f76f800 VMThread "VM Thread" [stack: 0x000000bd88700000,0x000000bd88800000] [id=9560]
  0x000002b81de87000 WatcherThread [stack: 0x000000bd89300000,0x000000bd89400000] [id=23028]
  0x000002b876c82000 GCTaskThread "GC Thread#0" [stack: 0x000000bd88200000,0x000000bd88300000] [id=20908]
  0x000002b81e772000 GCTaskThread "GC Thread#1" [stack: 0x000000bd89400000,0x000000bd89500000] [id=23900]
  0x000002b81e9bb000 GCTaskThread "GC Thread#2" [stack: 0x000000bd89500000,0x000000bd89600000] [id=21476]
  0x000002b81e9bb800 GCTaskThread "GC Thread#3" [stack: 0x000000bd89600000,0x000000bd89700000] [id=19956]
  0x000002b81e6f9800 GCTaskThread "GC Thread#4" [stack: 0x000000bd89700000,0x000000bd89800000] [id=17236]
  0x000002b81e6fa800 GCTaskThread "GC Thread#5" [stack: 0x000000bd89800000,0x000000bd89900000] [id=25956]
  0x000002b822768000 GCTaskThread "GC Thread#6" [stack: 0x000000bd8a400000,0x000000bd8a500000] [id=13432]
=>0x000002b823e39800 GCTaskThread "GC Thread#7" [stack: 0x000000bd8a500000,0x000000bd8a600000] [id=24860]
  0x000002b876cdf800 ConcurrentGCThread "G1 Main Marker" [stack: 0x000000bd88300000,0x000000bd88400000] [id=3692]
  0x000002b876ce4000 ConcurrentGCThread "G1 Conc#0" [stack: 0x000000bd88400000,0x000000bd88500000] [id=13988]
  0x000002b81ec2a800 ConcurrentGCThread "G1 Conc#1" [stack: 0x000000bd89a00000,0x000000bd89b00000] [id=14344]
  0x000002b81ec0e800 ConcurrentGCThread "G1 Conc#2" [stack: 0x000000bd89b00000,0x000000bd89c00000] [id=4048]
  0x000002b87f64f000 ConcurrentGCThread "G1 Refine#0" [stack: 0x000000bd88500000,0x000000bd88600000] [id=20472]
  0x000002b87f650000 ConcurrentGCThread "G1 Young RemSet Sampling" [stack: 0x000000bd88600000,0x000000bd88700000] [id=17784]

Threads with active compile tasks:

VM state:at safepoint (normal execution)

VM Mutex/Monitor currently owned by a thread:  ([mutex/lock_event])
[0x000002b876c66d50] Threads_lock - owner thread: 0x000002b87f76f800
[0x000002b876c67c80] Heap_lock - owner thread: 0x000002b876c6a000

Heap address: 0x0000000701200000, size: 4078 MB, Compressed Oops mode: Zero based, Oop shift amount: 3
Narrow klass base: 0x0000000800000000, Narrow klass shift: 0
Compressed class space size: 1073741824 Address: 0x0000000800000000

Heap:
 garbage-first heap   total 315392K, used 191739K [0x0000000701200000, 0x0000000800000000)
  region size 1024K, 182 young (186368K), 17 survivors (17408K)
 Metaspace       used 65959K, capacity 67508K, committed 67840K, reserved 1107968K
  class space    used 8207K, capacity 8850K, committed 8960K, reserved 1048576K
Heap Regions: E=young(eden), S=young(survivor), O=old, HS=humongous(starts), HC=humongous(continues), CS=collection set, F=free, A=archive, TAMS=top-at-mark-start (previous, next)
|   0|0x0000000701200000, 0x0000000701300000, 0x0000000701300000|100%|HS|  |TAMS 0x0000000701300000, 0x0000000701200000| Complete 
|   1|0x0000000701300000, 0x0000000701400000, 0x0000000701400000|100%| O|  |TAMS 0x0000000701400000, 0x0000000701300000| Untracked 
|   2|0x0000000701400000, 0x0000000701500000, 0x0000000701500000|100%| O|  |TAMS 0x0000000701500000, 0x0000000701400000| Untracked 
|   3|0x0000000701500000, 0x0000000701600000, 0x0000000701600000|100%| O|  |TAMS 0x0000000701600000, 0x0000000701500000| Untracked 
|   4|0x0000000701600000, 0x0000000701700000, 0x0000000701700000|100%| O|  |TAMS 0x0000000701700000, 0x0000000701600000| Untracked 
|   5|0x0000000701700000, 0x0000000701800000, 0x0000000701800000|100%| O|  |TAMS 0x0000000701800000, 0x0000000701700000| Untracked 
|   6|0x0000000701800000, 0x0000000701900000, 0x0000000701900000|100%| O|  |TAMS 0x00000007018d2200, 0x0000000701800000| Untracked 
|   7|0x0000000701900000, 0x0000000701a00000, 0x0000000701a00000|100%| O|  |TAMS 0x0000000701900000, 0x0000000701900000| Untracked 
|   8|0x0000000701a00000, 0x0000000701b00000, 0x0000000701b00000|100%|HS|  |TAMS 0x0000000701b00000, 0x0000000701a00000| Complete 
|   9|0x0000000701b00000, 0x0000000701c00000, 0x0000000701c00000|100%|HC|  |TAMS 0x0000000701c00000, 0x0000000701b00000| Complete 
|  10|0x0000000701c00000, 0x0000000701c68a98, 0x0000000701d00000| 40%| O|  |TAMS 0x0000000701c00000, 0x0000000701c00000| Untracked 
|  11|0x0000000701d00000, 0x0000000701d00000, 0x0000000701e00000|  0%| F|  |TAMS 0x0000000701d00000, 0x0000000701d00000| Untracked 
|  12|0x0000000701e00000, 0x0000000701e00000, 0x0000000701f00000|  0%| F|  |TAMS 0x0000000701e00000, 0x0000000701e00000| Untracked 
|  13|0x0000000701f00000, 0x0000000701f00000, 0x0000000702000000|  0%| F|  |TAMS 0x0000000701f00000, 0x0000000701f00000| Untracked 
|  14|0x0000000702000000, 0x0000000702000000, 0x0000000702100000|  0%| F|  |TAMS 0x0000000702000000, 0x0000000702000000| Untracked 
|  15|0x0000000702100000, 0x0000000702100000, 0x0000000702200000|  0%| F|  |TAMS 0x0000000702100000, 0x0000000702100000| Untracked 
|  16|0x0000000702200000, 0x0000000702200000, 0x0000000702300000|  0%| F|  |TAMS 0x0000000702200000, 0x0000000702200000| Untracked 
|  17|0x0000000702300000, 0x0000000702300000, 0x0000000702400000|  0%| F|  |TAMS 0x0000000702300000, 0x0000000702300000| Untracked 
|  18|0x0000000702400000, 0x0000000702400000, 0x0000000702500000|  0%| F|  |TAMS 0x0000000702400000, 0x0000000702400000| Untracked 
|  19|0x0000000702500000, 0x0000000702500000, 0x0000000702600000|  0%| F|  |TAMS 0x0000000702500000, 0x0000000702500000| Untracked 
|  20|0x0000000702600000, 0x0000000702600000, 0x0000000702700000|  0%| F|  |TAMS 0x0000000702600000, 0x0000000702600000| Untracked 
|  21|0x0000000702700000, 0x0000000702700000, 0x0000000702800000|  0%| F|  |TAMS 0x0000000702700000, 0x0000000702700000| Untracked 
|  22|0x0000000702800000, 0x0000000702800000, 0x0000000702900000|  0%| F|  |TAMS 0x0000000702800000, 0x0000000702800000| Untracked 
|  23|0x0000000702900000, 0x0000000702900000, 0x0000000702a00000|  0%| F|  |TAMS 0x0000000702900000, 0x0000000702900000| Untracked 
|  24|0x0000000702a00000, 0x0000000702a00000, 0x0000000702b00000|  0%| F|  |TAMS 0x0000000702a00000, 0x0000000702a00000| Untracked 
|  25|0x0000000702b00000, 0x0000000702b00000, 0x0000000702c00000|  0%| F|  |TAMS 0x0000000702b00000, 0x0000000702b00000| Untracked 
|  26|0x0000000702c00000, 0x0000000702c00000, 0x0000000702d00000|  0%| F|  |TAMS 0x0000000702c00000, 0x0000000702c00000| Untracked 
|  27|0x0000000702d00000, 0x0000000702d00000, 0x0000000702e00000|  0%| F|  |TAMS 0x0000000702d00000, 0x0000000702d00000| Untracked 
|  28|0x0000000702e00000, 0x0000000702e00000, 0x0000000702f00000|  0%| F|  |TAMS 0x0000000702e00000, 0x0000000702e00000| Untracked 
|  29|0x0000000702f00000, 0x0000000702f00000, 0x0000000703000000|  0%| F|  |TAMS 0x0000000702f00000, 0x0000000702f00000| Untracked 
|  30|0x0000000703000000, 0x0000000703000000, 0x0000000703100000|  0%| F|  |TAMS 0x0000000703000000, 0x0000000703000000| Untracked 
|  31|0x0000000703100000, 0x0000000703100000, 0x0000000703200000|  0%| F|  |TAMS 0x0000000703100000, 0x0000000703100000| Untracked 
|  32|0x0000000703200000, 0x0000000703200000, 0x0000000703300000|  0%| F|  |TAMS 0x0000000703200000, 0x0000000703200000| Untracked 
|  33|0x0000000703300000, 0x0000000703300000, 0x0000000703400000|  0%| F|  |TAMS 0x0000000703300000, 0x0000000703300000| Untracked 
|  34|0x0000000703400000, 0x0000000703400000, 0x0000000703500000|  0%| F|  |TAMS 0x0000000703400000, 0x0000000703400000| Untracked 
|  35|0x0000000703500000, 0x0000000703500000, 0x0000000703600000|  0%| F|  |TAMS 0x0000000703500000, 0x0000000703500000| Untracked 
|  36|0x0000000703600000, 0x0000000703600000, 0x0000000703700000|  0%| F|  |TAMS 0x0000000703600000, 0x0000000703600000| Untracked 
|  37|0x0000000703700000, 0x0000000703700000, 0x0000000703800000|  0%| F|  |TAMS 0x0000000703700000, 0x0000000703700000| Untracked 
|  38|0x0000000703800000, 0x0000000703800000, 0x0000000703900000|  0%| F|  |TAMS 0x0000000703800000, 0x0000000703800000| Untracked 
|  39|0x0000000703900000, 0x0000000703900000, 0x0000000703a00000|  0%| F|  |TAMS 0x0000000703900000, 0x0000000703900000| Untracked 
|  40|0x0000000703a00000, 0x0000000703a00000, 0x0000000703b00000|  0%| F|  |TAMS 0x0000000703a00000, 0x0000000703a00000| Untracked 
|  41|0x0000000703b00000, 0x0000000703b00000, 0x0000000703c00000|  0%| F|  |TAMS 0x0000000703b00000, 0x0000000703b00000| Untracked 
|  42|0x0000000703c00000, 0x0000000703c00000, 0x0000000703d00000|  0%| F|  |TAMS 0x0000000703c00000, 0x0000000703c00000| Untracked 
|  43|0x0000000703d00000, 0x0000000703d00000, 0x0000000703e00000|  0%| F|  |TAMS 0x0000000703d00000, 0x0000000703d00000| Untracked 
|  44|0x0000000703e00000, 0x0000000703e00000, 0x0000000703f00000|  0%| F|  |TAMS 0x0000000703e00000, 0x0000000703e00000| Untracked 
|  45|0x0000000703f00000, 0x0000000703f00000, 0x0000000704000000|  0%| F|  |TAMS 0x0000000703f00000, 0x0000000703f00000| Untracked 
|  46|0x0000000704000000, 0x0000000704000000, 0x0000000704100000|  0%| F|  |TAMS 0x0000000704000000, 0x0000000704000000| Untracked 
|  47|0x0000000704100000, 0x0000000704100000, 0x0000000704200000|  0%| F|  |TAMS 0x0000000704100000, 0x0000000704100000| Untracked 
|  48|0x0000000704200000, 0x0000000704200000, 0x0000000704300000|  0%| F|  |TAMS 0x0000000704200000, 0x0000000704200000| Untracked 
|  49|0x0000000704300000, 0x0000000704300000, 0x0000000704400000|  0%| F|  |TAMS 0x0000000704300000, 0x0000000704300000| Untracked 
|  50|0x0000000704400000, 0x0000000704400000, 0x0000000704500000|  0%| F|  |TAMS 0x0000000704400000, 0x0000000704400000| Untracked 
|  51|0x0000000704500000, 0x0000000704500000, 0x0000000704600000|  0%| F|  |TAMS 0x0000000704500000, 0x0000000704500000| Untracked 
|  52|0x0000000704600000, 0x0000000704600000, 0x0000000704700000|  0%| F|  |TAMS 0x0000000704600000, 0x0000000704600000| Untracked 
|  53|0x0000000704700000, 0x0000000704700000, 0x0000000704800000|  0%| F|  |TAMS 0x0000000704700000, 0x0000000704700000| Untracked 
|  54|0x0000000704800000, 0x0000000704800000, 0x0000000704900000|  0%| F|  |TAMS 0x0000000704800000, 0x0000000704800000| Untracked 
|  55|0x0000000704900000, 0x0000000704900000, 0x0000000704a00000|  0%| F|  |TAMS 0x0000000704900000, 0x0000000704900000| Untracked 
|  56|0x0000000704a00000, 0x0000000704a00000, 0x0000000704b00000|  0%| F|  |TAMS 0x0000000704a00000, 0x0000000704a00000| Untracked 
|  57|0x0000000704b00000, 0x0000000704b00000, 0x0000000704c00000|  0%| F|  |TAMS 0x0000000704b00000, 0x0000000704b00000| Untracked 
|  58|0x0000000704c00000, 0x0000000704c00000, 0x0000000704d00000|  0%| F|  |TAMS 0x0000000704c00000, 0x0000000704c00000| Untracked 
|  59|0x0000000704d00000, 0x0000000704d00000, 0x0000000704e00000|  0%| F|  |TAMS 0x0000000704d00000, 0x0000000704d00000| Untracked 
|  60|0x0000000704e00000, 0x0000000704e00000, 0x0000000704f00000|  0%| F|  |TAMS 0x0000000704e00000, 0x0000000704e00000| Untracked 
|  61|0x0000000704f00000, 0x0000000704f00000, 0x0000000705000000|  0%| F|  |TAMS 0x0000000704f00000, 0x0000000704f00000| Untracked 
|  62|0x0000000705000000, 0x0000000705000000, 0x0000000705100000|  0%| F|  |TAMS 0x0000000705000000, 0x0000000705000000| Untracked 
|  63|0x0000000705100000, 0x0000000705100000, 0x0000000705200000|  0%| F|  |TAMS 0x0000000705100000, 0x0000000705100000| Untracked 
|  64|0x0000000705200000, 0x0000000705200000, 0x0000000705300000|  0%| F|  |TAMS 0x0000000705200000, 0x0000000705200000| Untracked 
|  65|0x0000000705300000, 0x0000000705300000, 0x0000000705400000|  0%| F|  |TAMS 0x0000000705300000, 0x0000000705300000| Untracked 
|  66|0x0000000705400000, 0x0000000705400000, 0x0000000705500000|  0%| F|  |TAMS 0x0000000705400000, 0x0000000705400000| Untracked 
|  67|0x0000000705500000, 0x0000000705500000, 0x0000000705600000|  0%| F|  |TAMS 0x0000000705500000, 0x0000000705500000| Untracked 
|  68|0x0000000705600000, 0x0000000705600000, 0x0000000705700000|  0%| F|  |TAMS 0x0000000705600000, 0x0000000705600000| Untracked 
|  69|0x0000000705700000, 0x0000000705700000, 0x0000000705800000|  0%| F|  |TAMS 0x0000000705700000, 0x0000000705700000| Untracked 
|  70|0x0000000705800000, 0x0000000705800000, 0x0000000705900000|  0%| F|  |TAMS 0x0000000705800000, 0x0000000705800000| Untracked 
|  71|0x0000000705900000, 0x0000000705900000, 0x0000000705a00000|  0%| F|  |TAMS 0x0000000705900000, 0x0000000705900000| Untracked 
|  72|0x0000000705a00000, 0x0000000705a00000, 0x0000000705b00000|  0%| F|  |TAMS 0x0000000705a00000, 0x0000000705a00000| Untracked 
|  73|0x0000000705b00000, 0x0000000705b00000, 0x0000000705c00000|  0%| F|  |TAMS 0x0000000705b00000, 0x0000000705b00000| Untracked 
|  74|0x0000000705c00000, 0x0000000705c00000, 0x0000000705d00000|  0%| F|  |TAMS 0x0000000705c00000, 0x0000000705c00000| Untracked 
|  75|0x0000000705d00000, 0x0000000705d00000, 0x0000000705e00000|  0%| F|  |TAMS 0x0000000705d00000, 0x0000000705d00000| Untracked 
|  76|0x0000000705e00000, 0x0000000705e00000, 0x0000000705f00000|  0%| F|  |TAMS 0x0000000705e00000, 0x0000000705e00000| Untracked 
|  77|0x0000000705f00000, 0x0000000705f00000, 0x0000000706000000|  0%| F|  |TAMS 0x0000000705f00000, 0x0000000705f00000| Untracked 
|  78|0x0000000706000000, 0x0000000706000000, 0x0000000706100000|  0%| F|  |TAMS 0x0000000706000000, 0x0000000706000000| Untracked 
|  79|0x0000000706100000, 0x0000000706100000, 0x0000000706200000|  0%| F|  |TAMS 0x0000000706100000, 0x0000000706100000| Untracked 
|  80|0x0000000706200000, 0x0000000706200000, 0x0000000706300000|  0%| F|  |TAMS 0x0000000706200000, 0x0000000706200000| Untracked 
|  81|0x0000000706300000, 0x0000000706300000, 0x0000000706400000|  0%| F|  |TAMS 0x0000000706300000, 0x0000000706300000| Untracked 
|  82|0x0000000706400000, 0x0000000706400000, 0x0000000706500000|  0%| F|  |TAMS 0x0000000706400000, 0x0000000706400000| Untracked 
|  83|0x0000000706500000, 0x0000000706500000, 0x0000000706600000|  0%| F|  |TAMS 0x0000000706500000, 0x0000000706500000| Untracked 
|  84|0x0000000706600000, 0x0000000706600000, 0x0000000706700000|  0%| F|  |TAMS 0x0000000706600000, 0x0000000706600000| Untracked 
|  85|0x0000000706700000, 0x0000000706700000, 0x0000000706800000|  0%| F|  |TAMS 0x0000000706700000, 0x0000000706700000| Untracked 
|  86|0x0000000706800000, 0x0000000706800000, 0x0000000706900000|  0%| F|  |TAMS 0x0000000706800000, 0x0000000706800000| Untracked 
|  87|0x0000000706900000, 0x0000000706900000, 0x0000000706a00000|  0%| F|  |TAMS 0x0000000706900000, 0x0000000706900000| Untracked 
|  88|0x0000000706a00000, 0x0000000706a00000, 0x0000000706b00000|  0%| F|  |TAMS 0x0000000706a00000, 0x0000000706a00000| Untracked 
|  89|0x0000000706b00000, 0x0000000706b00000, 0x0000000706c00000|  0%| F|  |TAMS 0x0000000706b00000, 0x0000000706b00000| Untracked 
|  90|0x0000000706c00000, 0x0000000706c00000, 0x0000000706d00000|  0%| F|  |TAMS 0x0000000706c00000, 0x0000000706c00000| Untracked 
|  91|0x0000000706d00000, 0x0000000706d00000, 0x0000000706e00000|  0%| F|  |TAMS 0x0000000706d00000, 0x0000000706d00000| Untracked 
|  92|0x0000000706e00000, 0x0000000706e00000, 0x0000000706f00000|  0%| F|  |TAMS 0x0000000706e00000, 0x0000000706e00000| Untracked 
|  93|0x0000000706f00000, 0x0000000706f00000, 0x0000000707000000|  0%| F|  |TAMS 0x0000000706f00000, 0x0000000706f00000| Untracked 
|  94|0x0000000707000000, 0x0000000707000000, 0x0000000707100000|  0%| F|  |TAMS 0x0000000707000000, 0x0000000707000000| Untracked 
|  95|0x0000000707100000, 0x0000000707100000, 0x0000000707200000|  0%| F|  |TAMS 0x0000000707100000, 0x0000000707100000| Untracked 
|  96|0x0000000707200000, 0x0000000707200000, 0x0000000707300000|  0%| F|  |TAMS 0x0000000707200000, 0x0000000707200000| Untracked 
|  97|0x0000000707300000, 0x0000000707300000, 0x0000000707400000|  0%| F|  |TAMS 0x0000000707300000, 0x0000000707300000| Untracked 
|  98|0x0000000707400000, 0x0000000707400000, 0x0000000707500000|  0%| F|  |TAMS 0x0000000707400000, 0x0000000707400000| Untracked 
|  99|0x0000000707500000, 0x0000000707500000, 0x0000000707600000|  0%| F|  |TAMS 0x0000000707500000, 0x0000000707500000| Untracked 
| 100|0x0000000707600000, 0x0000000707600000, 0x0000000707700000|  0%| F|  |TAMS 0x0000000707600000, 0x0000000707600000| Untracked 
| 101|0x0000000707700000, 0x0000000707700000, 0x0000000707800000|  0%| F|  |TAMS 0x0000000707700000, 0x0000000707700000| Untracked 
| 102|0x0000000707800000, 0x0000000707800000, 0x0000000707900000|  0%| F|  |TAMS 0x0000000707800000, 0x0000000707800000| Untracked 
| 103|0x0000000707900000, 0x000000070796ccb0, 0x0000000707a00000| 42%| E|CS|TAMS 0x0000000707900000, 0x0000000707900000| Complete 
| 104|0x0000000707a00000, 0x0000000707b00000, 0x0000000707b00000|100%| E|CS|TAMS 0x0000000707a00000, 0x0000000707a00000| Complete 
| 105|0x0000000707b00000, 0x0000000707c00000, 0x0000000707c00000|100%| E|CS|TAMS 0x0000000707b00000, 0x0000000707b00000| Complete 
| 106|0x0000000707c00000, 0x0000000707d00000, 0x0000000707d00000|100%| E|CS|TAMS 0x0000000707c00000, 0x0000000707c00000| Complete 
| 107|0x0000000707d00000, 0x0000000707e00000, 0x0000000707e00000|100%| E|CS|TAMS 0x0000000707d00000, 0x0000000707d00000| Complete 
| 108|0x0000000707e00000, 0x0000000707f00000, 0x0000000707f00000|100%| E|CS|TAMS 0x0000000707e00000, 0x0000000707e00000| Complete 
| 109|0x0000000707f00000, 0x0000000708000000, 0x0000000708000000|100%| E|CS|TAMS 0x0000000707f00000, 0x0000000707f00000| Complete 
| 110|0x0000000708000000, 0x0000000708100000, 0x0000000708100000|100%| E|CS|TAMS 0x0000000708000000, 0x0000000708000000| Complete 
| 111|0x0000000708100000, 0x0000000708200000, 0x0000000708200000|100%| E|CS|TAMS 0x0000000708100000, 0x0000000708100000| Complete 
| 112|0x0000000708200000, 0x0000000708300000, 0x0000000708300000|100%| E|CS|TAMS 0x0000000708200000, 0x0000000708200000| Complete 
| 113|0x0000000708300000, 0x0000000708400000, 0x0000000708400000|100%| E|CS|TAMS 0x0000000708300000, 0x0000000708300000| Complete 
| 114|0x0000000708400000, 0x0000000708500000, 0x0000000708500000|100%| E|CS|TAMS 0x0000000708400000, 0x0000000708400000| Complete 
| 115|0x0000000708500000, 0x0000000708600000, 0x0000000708600000|100%| E|CS|TAMS 0x0000000708500000, 0x0000000708500000| Complete 
| 116|0x0000000708600000, 0x0000000708700000, 0x0000000708700000|100%| E|CS|TAMS 0x0000000708600000, 0x0000000708600000| Complete 
| 117|0x0000000708700000, 0x0000000708700000, 0x0000000708800000|  0%| F|  |TAMS 0x0000000708700000, 0x0000000708700000| Untracked 
| 118|0x0000000708800000, 0x0000000708800000, 0x0000000708900000|  0%| F|  |TAMS 0x0000000708800000, 0x0000000708800000| Untracked 
| 119|0x0000000708900000, 0x0000000708900000, 0x0000000708a00000|  0%| F|  |TAMS 0x0000000708900000, 0x0000000708900000| Untracked 
| 120|0x0000000708a00000, 0x0000000708a00000, 0x0000000708b00000|  0%| F|  |TAMS 0x0000000708a00000, 0x0000000708a00000| Untracked 
| 121|0x0000000708b00000, 0x0000000708b00000, 0x0000000708c00000|  0%| F|  |TAMS 0x0000000708b00000, 0x0000000708b00000| Untracked 
| 122|0x0000000708c00000, 0x0000000708c00000, 0x0000000708d00000|  0%| F|  |TAMS 0x0000000708c00000, 0x0000000708c00000| Untracked 
| 123|0x0000000708d00000, 0x0000000708d00000, 0x0000000708e00000|  0%| F|  |TAMS 0x0000000708d00000, 0x0000000708d00000| Untracked 
| 124|0x0000000708e00000, 0x0000000708e00000, 0x0000000708f00000|  0%| F|  |TAMS 0x0000000708e00000, 0x0000000708e00000| Untracked 
| 125|0x0000000708f00000, 0x0000000708f00000, 0x0000000709000000|  0%| F|  |TAMS 0x0000000708f00000, 0x0000000708f00000| Untracked 
| 126|0x0000000709000000, 0x00000007090d0128, 0x0000000709100000| 81%| S|  |TAMS 0x0000000709000000, 0x0000000709000000| Complete 
| 127|0x0000000709100000, 0x0000000709200000, 0x0000000709200000|100%| S|  |TAMS 0x0000000709100000, 0x0000000709100000| Complete 
| 128|0x0000000709200000, 0x0000000709300000, 0x0000000709300000|100%| S|  |TAMS 0x0000000709200000, 0x0000000709200000| Complete 
| 129|0x0000000709300000, 0x0000000709400000, 0x0000000709400000|100%| S|  |TAMS 0x0000000709300000, 0x0000000709300000| Complete 
| 130|0x0000000709400000, 0x0000000709500000, 0x0000000709500000|100%| S|  |TAMS 0x0000000709400000, 0x0000000709400000| Complete 
| 131|0x0000000709500000, 0x0000000709600000, 0x0000000709600000|100%| S|  |TAMS 0x0000000709500000, 0x0000000709500000| Complete 
| 132|0x0000000709600000, 0x0000000709700000, 0x0000000709700000|100%| S|  |TAMS 0x0000000709600000, 0x0000000709600000| Complete 
| 133|0x0000000709700000, 0x0000000709800000, 0x0000000709800000|100%| S|  |TAMS 0x0000000709700000, 0x0000000709700000| Complete 
| 134|0x0000000709800000, 0x0000000709900000, 0x0000000709900000|100%| S|  |TAMS 0x0000000709800000, 0x0000000709800000| Complete 
| 135|0x0000000709900000, 0x0000000709a00000, 0x0000000709a00000|100%| S|  |TAMS 0x0000000709900000, 0x0000000709900000| Complete 
| 136|0x0000000709a00000, 0x0000000709b00000, 0x0000000709b00000|100%| S|  |TAMS 0x0000000709a00000, 0x0000000709a00000| Complete 
| 137|0x0000000709b00000, 0x0000000709c00000, 0x0000000709c00000|100%| S|  |TAMS 0x0000000709b00000, 0x0000000709b00000| Complete 
| 138|0x0000000709c00000, 0x0000000709d00000, 0x0000000709d00000|100%| S|  |TAMS 0x0000000709c00000, 0x0000000709c00000| Complete 
| 139|0x0000000709d00000, 0x0000000709e00000, 0x0000000709e00000|100%| S|  |TAMS 0x0000000709d00000, 0x0000000709d00000| Complete 
| 140|0x0000000709e00000, 0x0000000709f00000, 0x0000000709f00000|100%| S|  |TAMS 0x0000000709e00000, 0x0000000709e00000| Complete 
| 141|0x0000000709f00000, 0x000000070a000000, 0x000000070a000000|100%| S|  |TAMS 0x0000000709f00000, 0x0000000709f00000| Complete 
| 142|0x000000070a000000, 0x000000070a100000, 0x000000070a100000|100%| S|  |TAMS 0x000000070a000000, 0x000000070a000000| Complete 
| 143|0x000000070a100000, 0x000000070a200000, 0x000000070a200000|100%| E|CS|TAMS 0x000000070a100000, 0x000000070a100000| Complete 
| 144|0x000000070a200000, 0x000000070a300000, 0x000000070a300000|100%| E|CS|TAMS 0x000000070a200000, 0x000000070a200000| Complete 
| 145|0x000000070a300000, 0x000000070a400000, 0x000000070a400000|100%| E|CS|TAMS 0x000000070a300000, 0x000000070a300000| Complete 
| 146|0x000000070a400000, 0x000000070a500000, 0x000000070a500000|100%| E|CS|TAMS 0x000000070a400000, 0x000000070a400000| Complete 
| 147|0x000000070a500000, 0x000000070a600000, 0x000000070a600000|100%| E|CS|TAMS 0x000000070a500000, 0x000000070a500000| Complete 
| 148|0x000000070a600000, 0x000000070a700000, 0x000000070a700000|100%| E|CS|TAMS 0x000000070a600000, 0x000000070a600000| Complete 
| 149|0x000000070a700000, 0x000000070a800000, 0x000000070a800000|100%| E|CS|TAMS 0x000000070a700000, 0x000000070a700000| Complete 
| 150|0x000000070a800000, 0x000000070a900000, 0x000000070a900000|100%| E|CS|TAMS 0x000000070a800000, 0x000000070a800000| Complete 
| 151|0x000000070a900000, 0x000000070aa00000, 0x000000070aa00000|100%| E|CS|TAMS 0x000000070a900000, 0x000000070a900000| Complete 
| 152|0x000000070aa00000, 0x000000070ab00000, 0x000000070ab00000|100%| E|CS|TAMS 0x000000070aa00000, 0x000000070aa00000| Complete 
| 153|0x000000070ab00000, 0x000000070ac00000, 0x000000070ac00000|100%| E|CS|TAMS 0x000000070ab00000, 0x000000070ab00000| Complete 
| 154|0x000000070ac00000, 0x000000070ad00000, 0x000000070ad00000|100%| E|CS|TAMS 0x000000070ac00000, 0x000000070ac00000| Complete 
| 155|0x000000070ad00000, 0x000000070ae00000, 0x000000070ae00000|100%| E|CS|TAMS 0x000000070ad00000, 0x000000070ad00000| Complete 
| 156|0x000000070ae00000, 0x000000070af00000, 0x000000070af00000|100%| E|CS|TAMS 0x000000070ae00000, 0x000000070ae00000| Complete 
| 157|0x000000070af00000, 0x000000070b000000, 0x000000070b000000|100%| E|CS|TAMS 0x000000070af00000, 0x000000070af00000| Complete 
| 158|0x000000070b000000, 0x000000070b100000, 0x000000070b100000|100%| E|CS|TAMS 0x000000070b000000, 0x000000070b000000| Complete 
| 159|0x000000070b100000, 0x000000070b200000, 0x000000070b200000|100%| E|CS|TAMS 0x000000070b100000, 0x000000070b100000| Complete 
| 160|0x000000070b200000, 0x000000070b300000, 0x000000070b300000|100%| E|CS|TAMS 0x000000070b200000, 0x000000070b200000| Complete 
| 161|0x000000070b300000, 0x000000070b400000, 0x000000070b400000|100%| E|CS|TAMS 0x000000070b300000, 0x000000070b300000| Complete 
| 162|0x000000070b400000, 0x000000070b500000, 0x000000070b500000|100%| E|CS|TAMS 0x000000070b400000, 0x000000070b400000| Complete 
| 163|0x000000070b500000, 0x000000070b600000, 0x000000070b600000|100%| E|CS|TAMS 0x000000070b500000, 0x000000070b500000| Complete 
| 164|0x000000070b600000, 0x000000070b700000, 0x000000070b700000|100%| E|CS|TAMS 0x000000070b600000, 0x000000070b600000| Complete 
| 165|0x000000070b700000, 0x000000070b800000, 0x000000070b800000|100%| E|CS|TAMS 0x000000070b700000, 0x000000070b700000| Complete 
| 166|0x000000070b800000, 0x000000070b900000, 0x000000070b900000|100%| E|CS|TAMS 0x000000070b800000, 0x000000070b800000| Complete 
| 167|0x000000070b900000, 0x000000070ba00000, 0x000000070ba00000|100%| E|CS|TAMS 0x000000070b900000, 0x000000070b900000| Complete 
| 168|0x000000070ba00000, 0x000000070bb00000, 0x000000070bb00000|100%| E|CS|TAMS 0x000000070ba00000, 0x000000070ba00000| Complete 
| 169|0x000000070bb00000, 0x000000070bc00000, 0x000000070bc00000|100%| E|CS|TAMS 0x000000070bb00000, 0x000000070bb00000| Complete 
| 170|0x000000070bc00000, 0x000000070bd00000, 0x000000070bd00000|100%| E|CS|TAMS 0x000000070bc00000, 0x000000070bc00000| Complete 
| 171|0x000000070bd00000, 0x000000070be00000, 0x000000070be00000|100%| E|CS|TAMS 0x000000070bd00000, 0x000000070bd00000| Complete 
| 172|0x000000070be00000, 0x000000070bf00000, 0x000000070bf00000|100%| E|CS|TAMS 0x000000070be00000, 0x000000070be00000| Complete 
| 173|0x000000070bf00000, 0x000000070c000000, 0x000000070c000000|100%| E|CS|TAMS 0x000000070bf00000, 0x000000070bf00000| Complete 
| 174|0x000000070c000000, 0x000000070c100000, 0x000000070c100000|100%| E|CS|TAMS 0x000000070c000000, 0x000000070c000000| Complete 
| 175|0x000000070c100000, 0x000000070c200000, 0x000000070c200000|100%| E|CS|TAMS 0x000000070c100000, 0x000000070c100000| Complete 
| 176|0x000000070c200000, 0x000000070c300000, 0x000000070c300000|100%| E|CS|TAMS 0x000000070c200000, 0x000000070c200000| Complete 
| 177|0x000000070c300000, 0x000000070c400000, 0x000000070c400000|100%| E|CS|TAMS 0x000000070c300000, 0x000000070c300000| Complete 
| 178|0x000000070c400000, 0x000000070c500000, 0x000000070c500000|100%| E|CS|TAMS 0x000000070c400000, 0x000000070c400000| Complete 
| 179|0x000000070c500000, 0x000000070c600000, 0x000000070c600000|100%| E|CS|TAMS 0x000000070c500000, 0x000000070c500000| Complete 
| 180|0x000000070c600000, 0x000000070c700000, 0x000000070c700000|100%| E|CS|TAMS 0x000000070c600000, 0x000000070c600000| Complete 
| 181|0x000000070c700000, 0x000000070c800000, 0x000000070c800000|100%| E|CS|TAMS 0x000000070c700000, 0x000000070c700000| Complete 
| 182|0x000000070c800000, 0x000000070c900000, 0x000000070c900000|100%| E|CS|TAMS 0x000000070c800000, 0x000000070c800000| Complete 
| 183|0x000000070c900000, 0x000000070ca00000, 0x000000070ca00000|100%| E|CS|TAMS 0x000000070c900000, 0x000000070c900000| Complete 
| 184|0x000000070ca00000, 0x000000070cb00000, 0x000000070cb00000|100%| E|CS|TAMS 0x000000070ca00000, 0x000000070ca00000| Complete 
| 185|0x000000070cb00000, 0x000000070cc00000, 0x000000070cc00000|100%| E|CS|TAMS 0x000000070cb00000, 0x000000070cb00000| Complete 
| 186|0x000000070cc00000, 0x000000070cd00000, 0x000000070cd00000|100%| E|CS|TAMS 0x000000070cc00000, 0x000000070cc00000| Complete 
| 187|0x000000070cd00000, 0x000000070ce00000, 0x000000070ce00000|100%| E|CS|TAMS 0x000000070cd00000, 0x000000070cd00000| Complete 
| 188|0x000000070ce00000, 0x000000070cf00000, 0x000000070cf00000|100%| E|CS|TAMS 0x000000070ce00000, 0x000000070ce00000| Complete 
| 189|0x000000070cf00000, 0x000000070d000000, 0x000000070d000000|100%| E|CS|TAMS 0x000000070cf00000, 0x000000070cf00000| Complete 
| 190|0x000000070d000000, 0x000000070d100000, 0x000000070d100000|100%| E|CS|TAMS 0x000000070d000000, 0x000000070d000000| Complete 
| 191|0x000000070d100000, 0x000000070d200000, 0x000000070d200000|100%| E|CS|TAMS 0x000000070d100000, 0x000000070d100000| Complete 
| 192|0x000000070d200000, 0x000000070d300000, 0x000000070d300000|100%| E|CS|TAMS 0x000000070d200000, 0x000000070d200000| Complete 
| 193|0x000000070d300000, 0x000000070d400000, 0x000000070d400000|100%| E|CS|TAMS 0x000000070d300000, 0x000000070d300000| Complete 
| 194|0x000000070d400000, 0x000000070d500000, 0x000000070d500000|100%| E|CS|TAMS 0x000000070d400000, 0x000000070d400000| Complete 
| 195|0x000000070d500000, 0x000000070d600000, 0x000000070d600000|100%| E|CS|TAMS 0x000000070d500000, 0x000000070d500000| Complete 
| 196|0x000000070d600000, 0x000000070d700000, 0x000000070d700000|100%| E|CS|TAMS 0x000000070d600000, 0x000000070d600000| Complete 
| 197|0x000000070d700000, 0x000000070d800000, 0x000000070d800000|100%| E|CS|TAMS 0x000000070d700000, 0x000000070d700000| Complete 
| 198|0x000000070d800000, 0x000000070d900000, 0x000000070d900000|100%| E|CS|TAMS 0x000000070d800000, 0x000000070d800000| Complete 
| 199|0x000000070d900000, 0x000000070da00000, 0x000000070da00000|100%| E|CS|TAMS 0x000000070d900000, 0x000000070d900000| Complete 
| 200|0x000000070da00000, 0x000000070db00000, 0x000000070db00000|100%| E|CS|TAMS 0x000000070da00000, 0x000000070da00000| Complete 
| 201|0x000000070db00000, 0x000000070dc00000, 0x000000070dc00000|100%| E|CS|TAMS 0x000000070db00000, 0x000000070db00000| Complete 
| 202|0x000000070dc00000, 0x000000070dd00000, 0x000000070dd00000|100%| E|CS|TAMS 0x000000070dc00000, 0x000000070dc00000| Complete 
| 203|0x000000070dd00000, 0x000000070de00000, 0x000000070de00000|100%| E|CS|TAMS 0x000000070dd00000, 0x000000070dd00000| Complete 
| 204|0x000000070de00000, 0x000000070df00000, 0x000000070df00000|100%| E|CS|TAMS 0x000000070de00000, 0x000000070de00000| Complete 
| 205|0x000000070df00000, 0x000000070e000000, 0x000000070e000000|100%| E|CS|TAMS 0x000000070df00000, 0x000000070df00000| Complete 
| 206|0x000000070e000000, 0x000000070e100000, 0x000000070e100000|100%| E|CS|TAMS 0x000000070e000000, 0x000000070e000000| Complete 
| 207|0x000000070e100000, 0x000000070e200000, 0x000000070e200000|100%| E|CS|TAMS 0x000000070e100000, 0x000000070e100000| Complete 
| 208|0x000000070e200000, 0x000000070e300000, 0x000000070e300000|100%| E|CS|TAMS 0x000000070e200000, 0x000000070e200000| Complete 
| 209|0x000000070e300000, 0x000000070e400000, 0x000000070e400000|100%| E|CS|TAMS 0x000000070e300000, 0x000000070e300000| Complete 
| 210|0x000000070e400000, 0x000000070e500000, 0x000000070e500000|100%| E|CS|TAMS 0x000000070e400000, 0x000000070e400000| Complete 
| 211|0x000000070e500000, 0x000000070e600000, 0x000000070e600000|100%| E|CS|TAMS 0x000000070e500000, 0x000000070e500000| Complete 
| 212|0x000000070e600000, 0x000000070e700000, 0x000000070e700000|100%| E|CS|TAMS 0x000000070e600000, 0x000000070e600000| Complete 
| 213|0x000000070e700000, 0x000000070e800000, 0x000000070e800000|100%| E|CS|TAMS 0x000000070e700000, 0x000000070e700000| Complete 
| 214|0x000000070e800000, 0x000000070e900000, 0x000000070e900000|100%| E|CS|TAMS 0x000000070e800000, 0x000000070e800000| Complete 
| 215|0x000000070e900000, 0x000000070ea00000, 0x000000070ea00000|100%| E|CS|TAMS 0x000000070e900000, 0x000000070e900000| Complete 
| 216|0x000000070ea00000, 0x000000070eb00000, 0x000000070eb00000|100%| E|CS|TAMS 0x000000070ea00000, 0x000000070ea00000| Complete 
| 217|0x000000070eb00000, 0x000000070ec00000, 0x000000070ec00000|100%| E|CS|TAMS 0x000000070eb00000, 0x000000070eb00000| Complete 
| 218|0x000000070ec00000, 0x000000070ed00000, 0x000000070ed00000|100%| E|CS|TAMS 0x000000070ec00000, 0x000000070ec00000| Complete 
| 219|0x000000070ed00000, 0x000000070ee00000, 0x000000070ee00000|100%| E|CS|TAMS 0x000000070ed00000, 0x000000070ed00000| Complete 
| 220|0x000000070ee00000, 0x000000070ef00000, 0x000000070ef00000|100%| E|CS|TAMS 0x000000070ee00000, 0x000000070ee00000| Complete 
| 221|0x000000070ef00000, 0x000000070f000000, 0x000000070f000000|100%| E|CS|TAMS 0x000000070ef00000, 0x000000070ef00000| Complete 
| 222|0x000000070f000000, 0x000000070f100000, 0x000000070f100000|100%| E|CS|TAMS 0x000000070f000000, 0x000000070f000000| Complete 
| 223|0x000000070f100000, 0x000000070f200000, 0x000000070f200000|100%| E|CS|TAMS 0x000000070f100000, 0x000000070f100000| Complete 
| 224|0x000000070f200000, 0x000000070f300000, 0x000000070f300000|100%| E|CS|TAMS 0x000000070f200000, 0x000000070f200000| Complete 
| 225|0x000000070f300000, 0x000000070f400000, 0x000000070f400000|100%| E|CS|TAMS 0x000000070f300000, 0x000000070f300000| Complete 
| 226|0x000000070f400000, 0x000000070f500000, 0x000000070f500000|100%| E|CS|TAMS 0x000000070f400000, 0x000000070f400000| Complete 
| 227|0x000000070f500000, 0x000000070f600000, 0x000000070f600000|100%| E|CS|TAMS 0x000000070f500000, 0x000000070f500000| Complete 
| 228|0x000000070f600000, 0x000000070f700000, 0x000000070f700000|100%| E|CS|TAMS 0x000000070f600000, 0x000000070f600000| Complete 
| 229|0x000000070f700000, 0x000000070f800000, 0x000000070f800000|100%| E|CS|TAMS 0x000000070f700000, 0x000000070f700000| Complete 
| 230|0x000000070f800000, 0x000000070f900000, 0x000000070f900000|100%| E|CS|TAMS 0x000000070f800000, 0x000000070f800000| Complete 
| 231|0x000000070f900000, 0x000000070fa00000, 0x000000070fa00000|100%| E|CS|TAMS 0x000000070f900000, 0x000000070f900000| Complete 
| 232|0x000000070fa00000, 0x000000070fb00000, 0x000000070fb00000|100%| E|CS|TAMS 0x000000070fa00000, 0x000000070fa00000| Complete 
| 233|0x000000070fb00000, 0x000000070fc00000, 0x000000070fc00000|100%| E|CS|TAMS 0x000000070fb00000, 0x000000070fb00000| Complete 
| 234|0x000000070fc00000, 0x000000070fd00000, 0x000000070fd00000|100%| E|CS|TAMS 0x000000070fc00000, 0x000000070fc00000| Complete 
| 235|0x000000070fd00000, 0x000000070fe00000, 0x000000070fe00000|100%| E|CS|TAMS 0x000000070fd00000, 0x000000070fd00000| Complete 
| 236|0x000000070fe00000, 0x000000070ff00000, 0x000000070ff00000|100%| E|CS|TAMS 0x000000070fe00000, 0x000000070fe00000| Complete 
| 237|0x000000070ff00000, 0x0000000710000000, 0x0000000710000000|100%| E|CS|TAMS 0x000000070ff00000, 0x000000070ff00000| Complete 
| 238|0x0000000710000000, 0x0000000710100000, 0x0000000710100000|100%| E|CS|TAMS 0x0000000710000000, 0x0000000710000000| Complete 
| 239|0x0000000710100000, 0x0000000710200000, 0x0000000710200000|100%| E|CS|TAMS 0x0000000710100000, 0x0000000710100000| Complete 
| 240|0x0000000710200000, 0x0000000710300000, 0x0000000710300000|100%| E|CS|TAMS 0x0000000710200000, 0x0000000710200000| Complete 
| 241|0x0000000710300000, 0x0000000710400000, 0x0000000710400000|100%| E|CS|TAMS 0x0000000710300000, 0x0000000710300000| Complete 
| 242|0x0000000710400000, 0x0000000710500000, 0x0000000710500000|100%| E|CS|TAMS 0x0000000710400000, 0x0000000710400000| Complete 
| 243|0x0000000710500000, 0x0000000710600000, 0x0000000710600000|100%| E|CS|TAMS 0x0000000710500000, 0x0000000710500000| Complete 
| 244|0x0000000710600000, 0x0000000710700000, 0x0000000710700000|100%| E|CS|TAMS 0x0000000710600000, 0x0000000710600000| Complete 
| 245|0x0000000710700000, 0x0000000710800000, 0x0000000710800000|100%| E|CS|TAMS 0x0000000710700000, 0x0000000710700000| Complete 
| 246|0x0000000710800000, 0x0000000710900000, 0x0000000710900000|100%| E|CS|TAMS 0x0000000710800000, 0x0000000710800000| Complete 
| 247|0x0000000710900000, 0x0000000710a00000, 0x0000000710a00000|100%| E|CS|TAMS 0x0000000710900000, 0x0000000710900000| Complete 
| 248|0x0000000710a00000, 0x0000000710b00000, 0x0000000710b00000|100%| E|CS|TAMS 0x0000000710a00000, 0x0000000710a00000| Complete 
| 249|0x0000000710b00000, 0x0000000710c00000, 0x0000000710c00000|100%| E|CS|TAMS 0x0000000710b00000, 0x0000000710b00000| Complete 
| 250|0x0000000710c00000, 0x0000000710d00000, 0x0000000710d00000|100%| E|CS|TAMS 0x0000000710c00000, 0x0000000710c00000| Complete 
| 251|0x0000000710d00000, 0x0000000710e00000, 0x0000000710e00000|100%| E|CS|TAMS 0x0000000710d00000, 0x0000000710d00000| Complete 
| 252|0x0000000710e00000, 0x0000000710f00000, 0x0000000710f00000|100%| E|CS|TAMS 0x0000000710e00000, 0x0000000710e00000| Complete 
| 253|0x0000000710f00000, 0x0000000711000000, 0x0000000711000000|100%| E|CS|TAMS 0x0000000710f00000, 0x0000000710f00000| Complete 
| 254|0x0000000711000000, 0x0000000711100000, 0x0000000711100000|100%| E|CS|TAMS 0x0000000711000000, 0x0000000711000000| Complete 
| 255|0x0000000711100000, 0x0000000711200000, 0x0000000711200000|100%| E|CS|TAMS 0x0000000711100000, 0x0000000711100000| Complete 
| 256|0x0000000711200000, 0x0000000711300000, 0x0000000711300000|100%| E|CS|TAMS 0x0000000711200000, 0x0000000711200000| Complete 
| 257|0x0000000711300000, 0x0000000711400000, 0x0000000711400000|100%| E|CS|TAMS 0x0000000711300000, 0x0000000711300000| Complete 
| 258|0x0000000711400000, 0x0000000711500000, 0x0000000711500000|100%| E|CS|TAMS 0x0000000711400000, 0x0000000711400000| Complete 
| 259|0x0000000711500000, 0x0000000711600000, 0x0000000711600000|100%| E|CS|TAMS 0x0000000711500000, 0x0000000711500000| Complete 
| 260|0x0000000711600000, 0x0000000711700000, 0x0000000711700000|100%| E|CS|TAMS 0x0000000711600000, 0x0000000711600000| Complete 
| 261|0x0000000711700000, 0x0000000711800000, 0x0000000711800000|100%| E|CS|TAMS 0x0000000711700000, 0x0000000711700000| Complete 
| 262|0x0000000711800000, 0x0000000711900000, 0x0000000711900000|100%| E|CS|TAMS 0x0000000711800000, 0x0000000711800000| Complete 
| 263|0x0000000711900000, 0x0000000711a00000, 0x0000000711a00000|100%| E|CS|TAMS 0x0000000711900000, 0x0000000711900000| Complete 
| 264|0x0000000711a00000, 0x0000000711b00000, 0x0000000711b00000|100%| E|CS|TAMS 0x0000000711a00000, 0x0000000711a00000| Complete 
| 265|0x0000000711b00000, 0x0000000711c00000, 0x0000000711c00000|100%| E|CS|TAMS 0x0000000711b00000, 0x0000000711b00000| Complete 
| 266|0x0000000711c00000, 0x0000000711d00000, 0x0000000711d00000|100%| E|CS|TAMS 0x0000000711c00000, 0x0000000711c00000| Complete 
| 267|0x0000000711d00000, 0x0000000711e00000, 0x0000000711e00000|100%| E|CS|TAMS 0x0000000711d00000, 0x0000000711d00000| Complete 
| 268|0x0000000711e00000, 0x0000000711f00000, 0x0000000711f00000|100%| E|CS|TAMS 0x0000000711e00000, 0x0000000711e00000| Complete 
| 269|0x0000000711f00000, 0x0000000712000000, 0x0000000712000000|100%| E|CS|TAMS 0x0000000711f00000, 0x0000000711f00000| Complete 
| 270|0x0000000712000000, 0x0000000712100000, 0x0000000712100000|100%| E|CS|TAMS 0x0000000712000000, 0x0000000712000000| Complete 
| 271|0x0000000712100000, 0x0000000712200000, 0x0000000712200000|100%| E|CS|TAMS 0x0000000712100000, 0x0000000712100000| Complete 
| 272|0x0000000712200000, 0x0000000712300000, 0x0000000712300000|100%| E|CS|TAMS 0x0000000712200000, 0x0000000712200000| Complete 
| 273|0x0000000712300000, 0x0000000712400000, 0x0000000712400000|100%| E|CS|TAMS 0x0000000712300000, 0x0000000712300000| Complete 
| 274|0x0000000712400000, 0x0000000712500000, 0x0000000712500000|100%| E|CS|TAMS 0x0000000712400000, 0x0000000712400000| Complete 
| 275|0x0000000712500000, 0x0000000712600000, 0x0000000712600000|100%| E|CS|TAMS 0x0000000712500000, 0x0000000712500000| Complete 
| 276|0x0000000712600000, 0x0000000712700000, 0x0000000712700000|100%| E|CS|TAMS 0x0000000712600000, 0x0000000712600000| Complete 
| 277|0x0000000712700000, 0x0000000712800000, 0x0000000712800000|100%| E|CS|TAMS 0x0000000712700000, 0x0000000712700000| Complete 
| 278|0x0000000712800000, 0x0000000712900000, 0x0000000712900000|100%| E|CS|TAMS 0x0000000712800000, 0x0000000712800000| Complete 
| 279|0x0000000712900000, 0x0000000712a00000, 0x0000000712a00000|100%| E|CS|TAMS 0x0000000712900000, 0x0000000712900000| Complete 
| 280|0x0000000712a00000, 0x0000000712b00000, 0x0000000712b00000|100%| E|CS|TAMS 0x0000000712a00000, 0x0000000712a00000| Complete 
| 281|0x0000000712b00000, 0x0000000712c00000, 0x0000000712c00000|100%| E|CS|TAMS 0x0000000712b00000, 0x0000000712b00000| Complete 
| 282|0x0000000712c00000, 0x0000000712d00000, 0x0000000712d00000|100%| E|CS|TAMS 0x0000000712c00000, 0x0000000712c00000| Complete 
| 283|0x0000000712d00000, 0x0000000712e00000, 0x0000000712e00000|100%| E|CS|TAMS 0x0000000712d00000, 0x0000000712d00000| Complete 
| 284|0x0000000712e00000, 0x0000000712f00000, 0x0000000712f00000|100%| E|CS|TAMS 0x0000000712e00000, 0x0000000712e00000| Complete 
| 285|0x0000000712f00000, 0x0000000713000000, 0x0000000713000000|100%| E|CS|TAMS 0x0000000712f00000, 0x0000000712f00000| Complete 
| 286|0x0000000713000000, 0x0000000713100000, 0x0000000713100000|100%| E|CS|TAMS 0x0000000713000000, 0x0000000713000000| Complete 
| 287|0x0000000713100000, 0x0000000713200000, 0x0000000713200000|100%| E|CS|TAMS 0x0000000713100000, 0x0000000713100000| Complete 
| 288|0x0000000713200000, 0x0000000713300000, 0x0000000713300000|100%| E|CS|TAMS 0x0000000713200000, 0x0000000713200000| Complete 
| 289|0x0000000713300000, 0x0000000713400000, 0x0000000713400000|100%| E|CS|TAMS 0x0000000713300000, 0x0000000713300000| Complete 
| 290|0x0000000713400000, 0x0000000713500000, 0x0000000713500000|100%| E|CS|TAMS 0x0000000713400000, 0x0000000713400000| Complete 
| 291|0x0000000713500000, 0x0000000713600000, 0x0000000713600000|100%| E|CS|TAMS 0x0000000713500000, 0x0000000713500000| Complete 
| 292|0x0000000713600000, 0x0000000713700000, 0x0000000713700000|100%| E|CS|TAMS 0x0000000713600000, 0x0000000713600000| Complete 
| 293|0x0000000713700000, 0x0000000713800000, 0x0000000713800000|100%| E|CS|TAMS 0x0000000713700000, 0x0000000713700000| Complete 
| 294|0x0000000713800000, 0x0000000713900000, 0x0000000713900000|100%| E|CS|TAMS 0x0000000713800000, 0x0000000713800000| Complete 
| 295|0x0000000713900000, 0x0000000713a00000, 0x0000000713a00000|100%| E|CS|TAMS 0x0000000713900000, 0x0000000713900000| Complete 
| 296|0x0000000713a00000, 0x0000000713b00000, 0x0000000713b00000|100%| E|CS|TAMS 0x0000000713a00000, 0x0000000713a00000| Complete 
| 297|0x0000000713b00000, 0x0000000713c00000, 0x0000000713c00000|100%| E|CS|TAMS 0x0000000713b00000, 0x0000000713b00000| Complete 
| 298|0x0000000713c00000, 0x0000000713d00000, 0x0000000713d00000|100%| E|CS|TAMS 0x0000000713c00000, 0x0000000713c00000| Complete 
| 299|0x0000000713d00000, 0x0000000713e00000, 0x0000000713e00000|100%| E|CS|TAMS 0x0000000713d00000, 0x0000000713d00000| Complete 
| 300|0x0000000713e00000, 0x0000000713f00000, 0x0000000713f00000|100%| E|CS|TAMS 0x0000000713e00000, 0x0000000713e00000| Complete 
| 301|0x0000000713f00000, 0x0000000714000000, 0x0000000714000000|100%| E|CS|TAMS 0x0000000713f00000, 0x0000000713f00000| Complete 
| 302|0x0000000714000000, 0x0000000714100000, 0x0000000714100000|100%| E|CS|TAMS 0x0000000714000000, 0x0000000714000000| Complete 
| 303|0x0000000714100000, 0x0000000714200000, 0x0000000714200000|100%| E|CS|TAMS 0x0000000714100000, 0x0000000714100000| Complete 
| 304|0x0000000714200000, 0x0000000714300000, 0x0000000714300000|100%| E|CS|TAMS 0x0000000714200000, 0x0000000714200000| Complete 
| 305|0x0000000714300000, 0x0000000714400000, 0x0000000714400000|100%| E|CS|TAMS 0x0000000714300000, 0x0000000714300000| Complete 
| 306|0x0000000714400000, 0x0000000714500000, 0x0000000714500000|100%| E|CS|TAMS 0x0000000714400000, 0x0000000714400000| Complete 
| 307|0x0000000714500000, 0x0000000714600000, 0x0000000714600000|100%| E|CS|TAMS 0x0000000714500000, 0x0000000714500000| Complete 

Card table byte_map: [0x000002b879a00000,0x000002b87a200000] _byte_map_base: 0x000002b8761f7000

Marking Bits (Prev, Next): (CMBitMap*) 0x000002b876ccecd0, (CMBitMap*) 0x000002b876ccec98
 Prev Bits: [0x000002b817680000, 0x000002b81b638000)
 Next Bits: [0x000002b87aa00000, 0x000002b87e9b8000)

Polling page: 0x000002b8769f0000

Metaspace:

Usage:
  Non-class:     57.28 MB capacity,    56.40 MB ( 98%) used,   703.99 KB (  1%) free+waste,   202.44 KB ( <1%) overhead. 
      Class:      8.64 MB capacity,     8.02 MB ( 93%) used,   547.69 KB (  6%) free+waste,    94.38 KB (  1%) overhead. 
       Both:     65.93 MB capacity,    64.41 MB ( 98%) used,     1.22 MB (  2%) free+waste,   296.81 KB ( <1%) overhead. 

Virtual space:
  Non-class space:       58.00 MB reserved,      57.50 MB (>99%) committed 
      Class space:        1.00 GB reserved,       8.75 MB ( <1%) committed 
             Both:        1.06 GB reserved,      66.25 MB (  6%) committed 

Chunk freelists:
   Non-Class:  30.00 KB
       Class:  14.00 KB
        Both:  44.00 KB

MaxMetaspaceSize: 17179869184.00 GB
CompressedClassSpaceSize: 1.00 GB
Initial GC threshold: 20.80 MB
Current GC threshold: 98.34 MB
CDS: off

CodeHeap 'non-profiled nmethods': size=120000Kb used=3903Kb max_used=3903Kb free=116097Kb
 bounds [0x000002b810150000, 0x000002b810520000, 0x000002b817680000]
CodeHeap 'profiled nmethods': size=120000Kb used=11772Kb max_used=11772Kb free=108227Kb
 bounds [0x000002b808c20000, 0x000002b8097a0000, 0x000002b810150000]
CodeHeap 'non-nmethods': size=5760Kb used=1315Kb max_used=1356Kb free=4444Kb
 bounds [0x000002b808680000, 0x000002b8088f0000, 0x000002b808c20000]
 total_blobs=5894 nmethods=5283 adapters=521
 compilation: enabled
              stopped_count=0, restarted_count=0
 full_count=0

Compilation events (20 events):
Event: 3.435 Thread 0x000002b81d743000 nmethod 5289 0x000002b80979b910 code [0x000002b80979bae0, 0x000002b80979be28]
Event: 3.435 Thread 0x000002b81d743000 5290       3       java.security.MessageDigest::digest (12 bytes)
Event: 3.435 Thread 0x000002b81d743000 nmethod 5290 0x000002b80979bf90 code [0x000002b80979c140, 0x000002b80979c308]
Event: 3.435 Thread 0x000002b81d743000 5291       3       java.security.MessageDigest$Delegate::engineDigest (8 bytes)
Event: 3.435 Thread 0x000002b81d743000 nmethod 5291 0x000002b80979c390 code [0x000002b80979c540, 0x000002b80979c708]
Event: 3.446 Thread 0x000002b81d73d800 nmethod 5288% 0x000002b810513a90 code [0x000002b810513c40, 0x000002b810514618]
Event: 3.447 Thread 0x000002b81d8a8000 nmethod 5287 0x000002b810514910 code [0x000002b810514cc0, 0x000002b810516960]
Event: 3.449 Thread 0x000002b81d743000 5292       1       java.security.DrbgParameters$NextBytes::getStrength (5 bytes)
Event: 3.450 Thread 0x000002b81d743000 nmethod 5292 0x000002b810518090 code [0x000002b810518240, 0x000002b8105182f8]
Event: 3.450 Thread 0x000002b81d743000 5293       1       java.security.DrbgParameters$NextBytes::getPredictionResistance (5 bytes)
Event: 3.450 Thread 0x000002b81d743000 nmethod 5293 0x000002b810518390 code [0x000002b810518540, 0x000002b8105185f8]
Event: 3.455 Thread 0x000002b821cd6800 nmethod 5285 0x000002b810518690 code [0x000002b810518a60, 0x000002b81051a9c0]
Event: 3.466 Thread 0x000002b81d73d800 5294       4       it.unisa.dia.gas.plaf.jpbc.field.curve.CurveElement::mul (6 bytes)
Event: 3.467 Thread 0x000002b81d743000 5295       3       it.unisa.dia.gas.plaf.jpbc.field.curve.CurveElement::mul (235 bytes)
Event: 3.468 Thread 0x000002b81d743000 nmethod 5295 0x000002b80979c810 code [0x000002b80979cb40, 0x000002b80979e048]
Event: 3.469 Thread 0x000002b81d743000 5296       3       org.h2.mvstore.RootReference::getAppendCounter (9 bytes)
Event: 3.469 Thread 0x000002b81d743000 nmethod 5296 0x000002b80979e610 code [0x000002b80979e7c0, 0x000002b80979e8d8]
Event: 3.474 Thread 0x000002b81d743000 5297       3       it.unisa.dia.gas.plaf.jpbc.field.z.ZrElement::isEqual (35 bytes)
Event: 3.474 Thread 0x000002b81d743000 nmethod 5297 0x000002b80979e990 code [0x000002b80979eb60, 0x000002b80979ef88]
Event: 3.490 Thread 0x000002b81d73d800 nmethod 5294 0x000002b81051c310 code [0x000002b81051c6e0, 0x000002b81051e778]

GC Heap History (11 events):
Event: 0.350 GC heap before
{Heap before GC invocations=0 (full 0):
 garbage-first heap   total 262144K, used 25600K [0x0000000701200000, 0x0000000800000000)
  region size 1024K, 24 young (24576K), 0 survivors (0K)
 Metaspace       used 11994K, capacity 12243K, committed 12288K, reserved 1060864K
  class space    used 1159K, capacity 1237K, committed 1280K, reserved 1048576K
}
Event: 0.353 GC heap after
{Heap after GC invocations=1 (full 0):
 garbage-first heap   total 262144K, used 7123K [0x0000000701200000, 0x0000000800000000)
  region size 1024K, 3 young (3072K), 3 survivors (3072K)
 Metaspace       used 11994K, capacity 12243K, committed 12288K, reserved 1060864K
  class space    used 1159K, capacity 1237K, committed 1280K, reserved 1048576K
}
Event: 0.680 GC heap before
{Heap before GC invocations=1 (full 0):
 garbage-first heap   total 262144K, used 48083K [0x0000000701200000, 0x0000000800000000)
  region size 1024K, 44 young (45056K), 3 survivors (3072K)
 Metaspace       used 20552K, capacity 21096K, committed 21248K, reserved 1069056K
  class space    used 2223K, capacity 2434K, committed 2560K, reserved 1048576K
}
Event: 0.684 GC heap after
{Heap after GC invocations=2 (full 0):
 garbage-first heap   total 262144K, used 8974K [0x0000000701200000, 0x0000000800000000)
  region size 1024K, 5 young (5120K), 5 survivors (5120K)
 Metaspace       used 20552K, capacity 21096K, committed 21248K, reserved 1069056K
  class space    used 2223K, capacity 2434K, committed 2560K, reserved 1048576K
}
Event: 0.960 GC heap before
{Heap before GC invocations=3 (full 0):
 garbage-first heap   total 262144K, used 61198K [0x0000000701200000, 0x0000000800000000)
  region size 1024K, 56 young (57344K), 5 survivors (5120K)
 Metaspace       used 26537K, capacity 27226K, committed 27392K, reserved 1073152K
  class space    used 2958K, capacity 3241K, committed 3328K, reserved 1048576K
}
Event: 0.963 GC heap after
{Heap after GC invocations=4 (full 0):
 garbage-first heap   total 262144K, used 11272K [0x0000000701200000, 0x0000000800000000)
  region size 1024K, 5 young (5120K), 5 survivors (5120K)
 Metaspace       used 26537K, capacity 27226K, committed 27392K, reserved 1073152K
  class space    used 2958K, capacity 3241K, committed 3328K, reserved 1048576K
}
Event: 1.562 GC heap before
{Heap before GC invocations=4 (full 0):
 garbage-first heap   total 262144K, used 80904K [0x0000000701200000, 0x0000000800000000)
  region size 1024K, 74 young (75776K), 5 survivors (5120K)
 Metaspace       used 34797K, capacity 35793K, committed 35840K, reserved 1081344K
  class space    used 4065K, capacity 4463K, committed 4480K, reserved 1048576K
}
Event: 1.566 GC heap after
{Heap after GC invocations=5 (full 0):
 garbage-first heap   total 262144K, used 14894K [0x0000000701200000, 0x0000000800000000)
  region size 1024K, 8 young (8192K), 8 survivors (8192K)
 Metaspace       used 34797K, capacity 35793K, committed 35840K, reserved 1081344K
  class space    used 4065K, capacity 4463K, committed 4480K, reserved 1048576K
}
Event: 2.677 GC heap before
{Heap before GC invocations=6 (full 0):
 garbage-first heap   total 262144K, used 150062K [0x0000000701200000, 0x0000000800000000)
  region size 1024K, 139 young (142336K), 8 survivors (8192K)
 Metaspace       used 58781K, capacity 60085K, committed 60160K, reserved 1101824K
  class space    used 7325K, capacity 7880K, committed 7936K, reserved 1048576K
}
Event: 2.688 GC heap after
{Heap after GC invocations=7 (full 0):
 garbage-first heap   total 315392K, used 22779K [0x0000000701200000, 0x0000000800000000)
  region size 1024K, 14 young (14336K), 14 survivors (14336K)
 Metaspace       used 58781K, capacity 60085K, committed 60160K, reserved 1101824K
  class space    used 7325K, capacity 7880K, committed 7936K, reserved 1048576K
}
Event: 3.519 GC heap before
{Heap before GC invocations=8 (full 0):
 garbage-first heap   total 315392K, used 190715K [0x0000000701200000, 0x0000000800000000)
  region size 1024K, 179 young (183296K), 14 survivors (14336K)
 Metaspace       used 65959K, capacity 67508K, committed 67840K, reserved 1107968K
  class space    used 8207K, capacity 8850K, committed 8960K, reserved 1048576K
}

Deoptimization events (20 events):
Event: 3.146 Thread 0x000002b876c6a000 Uncommon trap: trap_request=0xffffff4d fr.pc=0x000002b810474574 relative=0x0000000000005514
Event: 3.146 Thread 0x000002b876c6a000 Uncommon trap: reason=unstable_if action=reinterpret pc=0x000002b810474574 method=org.springframework.core.annotation.AnnotationsScanner.processMethodHierarchy(Ljava/lang/Object;[ILjava/lang/Class;Lorg/springframework/core/annotation/AnnotationsProcessor;
Event: 3.146 Thread 0x000002b876c6a000 DEOPT PACKING pc=0x000002b810474574 sp=0x000000bd881fc4b0
Event: 3.146 Thread 0x000002b876c6a000 DEOPT UNPACKING pc=0x000002b8086ca1af sp=0x000000bd881fc240 mode 2
Event: 3.167 Thread 0x000002b876c6a000 Uncommon trap: trap_request=0xffffff4d fr.pc=0x000002b810260000 relative=0x00000000000002c0
Event: 3.167 Thread 0x000002b876c6a000 Uncommon trap: reason=unstable_if action=reinterpret pc=0x000002b810260000 method=java.util.StringTokenizer.scanToken(I)I @ 96 c2
Event: 3.167 Thread 0x000002b876c6a000 DEOPT PACKING pc=0x000002b810260000 sp=0x000000bd881fb0e0
Event: 3.167 Thread 0x000002b876c6a000 DEOPT UNPACKING pc=0x000002b8086ca1af sp=0x000000bd881fb080 mode 2
Event: 3.184 Thread 0x000002b876c6a000 Uncommon trap: trap_request=0xffffff4d fr.pc=0x000002b810164b64 relative=0x0000000000000044
Event: 3.184 Thread 0x000002b876c6a000 Uncommon trap: reason=unstable_if action=reinterpret pc=0x000002b810164b64 method=java.lang.CharacterData.of(I)Ljava/lang/CharacterData; @ 4 c2
Event: 3.184 Thread 0x000002b876c6a000 DEOPT PACKING pc=0x000002b810164b64 sp=0x000000bd881fa620
Event: 3.184 Thread 0x000002b876c6a000 DEOPT UNPACKING pc=0x000002b8086ca1af sp=0x000000bd881fa5b8 mode 2
Event: 3.247 Thread 0x000002b876c6a000 Uncommon trap: trap_request=0xffffff4d fr.pc=0x000002b8104c43e0 relative=0x00000000000014e0
Event: 3.247 Thread 0x000002b876c6a000 Uncommon trap: reason=unstable_if action=reinterpret pc=0x000002b8104c43e0 method=java.math.MutableBigInteger.divideMagnitude(Ljava/math/MutableBigInteger;Ljava/math/MutableBigInteger;Z)Ljava/math/MutableBigInteger; @ 1137 c2
Event: 3.247 Thread 0x000002b876c6a000 DEOPT PACKING pc=0x000002b8104c43e0 sp=0x000000bd881fc860
Event: 3.247 Thread 0x000002b876c6a000 DEOPT UNPACKING pc=0x000002b8086ca1af sp=0x000000bd881fc7f0 mode 2
Event: 3.250 Thread 0x000002b876c6a000 Uncommon trap: trap_request=0xffffff4d fr.pc=0x000002b8104b7154 relative=0x0000000000000314
Event: 3.250 Thread 0x000002b876c6a000 Uncommon trap: reason=unstable_if action=reinterpret pc=0x000002b8104b7154 method=java.math.BigInteger.subtract([I[I)[I @ 78 c2
Event: 3.250 Thread 0x000002b876c6a000 DEOPT PACKING pc=0x000002b8104b7154 sp=0x000000bd881fc910
Event: 3.250 Thread 0x000002b876c6a000 DEOPT UNPACKING pc=0x000002b8086ca1af sp=0x000000bd881fc880 mode 2

Classes redefined (0 events):
No events

Internal exceptions (20 events):
Event: 2.572 Thread 0x000002b876c6a000 Exception <a 'java/lang/NoSuchMethodError'{0x00000007095d28c0}: 'java.lang.Object java.lang.invoke.DirectMethodHandle$Holder.invokeStaticInit(java.lang.Object, java.lang.Object, java.lang.Object, java.lang.Object, int, int)'> (0x00000007095d28c0) thrown at [./src/hotspot/share/interpreter/linkResolver.cpp, line 773]
Event: 2.671 Thread 0x000002b876c6a000 Implicit null exception at 0x000002b810387302 to 0x000002b810388f42
Event: 2.703 Thread 0x000002b876c6a000 Exception <a 'java/lang/IncompatibleClassChangeError'{0x0000000714466eb8}: Found class java.lang.Object, but interface was expected> (0x0000000714466eb8) thrown at [./src/hotspot/share/interpreter/linkResolver.cpp, line 839]
Event: 2.749 Thread 0x000002b876c6a000 Exception <a 'java/lang/ClassNotFoundException'{0x0000000713f09230}: java/lang/ObjectCustomizer> (0x0000000713f09230) thrown at [./src/hotspot/share/classfile/systemDictionary.cpp, line 230]
Event: 2.750 Thread 0x000002b876c6a000 Exception <a 'java/lang/ClassNotFoundException'{0x0000000713f1d3d8}: org/psd/server/ServerPSD/model/UserCustomizer> (0x0000000713f1d3d8) thrown at [./src/hotspot/share/classfile/systemDictionary.cpp, line 230]
Event: 2.780 Thread 0x000002b876c6a000 Exception <a 'java/lang/IncompatibleClassChangeError'{0x0000000713c49bd8}: Found class java.lang.Object, but interface was expected> (0x0000000713c49bd8) thrown at [./src/hotspot/share/interpreter/linkResolver.cpp, line 839]
Event: 2.862 Thread 0x000002b876c6a000 Exception <a 'java/io/FileNotFoundException'{0x00000007131bc228}> (0x00000007131bc228) thrown at [./src/hotspot/share/prims/jni.cpp, line 617]
Event: 2.879 Thread 0x000002b876c6a000 Exception <a 'java/lang/ClassNotFoundException'{0x0000000712f9aa18}: java/lang/ObjectCustomizer> (0x0000000712f9aa18) thrown at [./src/hotspot/share/classfile/systemDictionary.cpp, line 230]
Event: 2.880 Thread 0x000002b876c6a000 Exception <a 'java/lang/ClassNotFoundException'{0x0000000712fad0b8}: org/psd/server/ServerPSD/model/RefreshTokenCustomizer> (0x0000000712fad0b8) thrown at [./src/hotspot/share/classfile/systemDictionary.cpp, line 230]
Event: 2.909 Thread 0x000002b876c6a000 Exception <a 'java/lang/reflect/InvocationTargetException'{0x00000007128c2e98}> (0x00000007128c2e98) thrown at [./src/hotspot/share/runtime/reflection.cpp, line 1247]
Event: 2.916 Thread 0x000002b876c6a000 Exception <a 'java/lang/NoSuchMethodError'{0x000000071274c940}: 'java.lang.Object java.lang.invoke.DirectMethodHandle$Holder.invokeStatic(java.lang.Object, java.lang.Object, int, java.lang.Object)'> (0x000000071274c940) thrown at [./src/hotspot/share/interpreter/linkResolver.cpp, line 773]
Event: 2.916 Thread 0x000002b876c6a000 Exception <a 'java/lang/NoSuchMethodError'{0x0000000712753618}: 'java.lang.Object java.lang.invoke.Invokers$Holder.linkToTargetMethod(java.lang.Object, int, java.lang.Object)'> (0x0000000712753618) thrown at [./src/hotspot/share/interpreter/linkResolver.cpp, line 773]
Event: 2.919 Thread 0x000002b876c6a000 Exception <a 'java/lang/IncompatibleClassChangeError'{0x0000000712789bb8}: Found class java.lang.Object, but interface was expected> (0x0000000712789bb8) thrown at [./src/hotspot/share/interpreter/linkResolver.cpp, line 839]
Event: 2.941 Thread 0x000002b876c6a000 Exception <a 'java/lang/reflect/InvocationTargetException'{0x00000007125559b0}> (0x00000007125559b0) thrown at [./src/hotspot/share/runtime/reflection.cpp, line 1247]
Event: 3.143 Thread 0x000002b876c6a000 Exception <a 'java/lang/ClassNotFoundException'{0x0000000710a086f8}: java/lang/ObjectCustomizer> (0x0000000710a086f8) thrown at [./src/hotspot/share/classfile/systemDictionary.cpp, line 230]
Event: 3.143 Thread 0x000002b876c6a000 Exception <a 'java/lang/ClassNotFoundException'{0x0000000710a1a098}: org/psd/server/ServerPSD/model/ShareCustomizer> (0x0000000710a1a098) thrown at [./src/hotspot/share/classfile/systemDictionary.cpp, line 230]
Event: 3.158 Thread 0x000002b876c6a000 Exception <a 'java/lang/reflect/InvocationTargetException'{0x0000000710500fb8}> (0x0000000710500fb8) thrown at [./src/hotspot/share/runtime/reflection.cpp, line 1247]
Event: 3.228 Thread 0x000002b876c6a000 Exception <a 'java/lang/ClassNotFoundException'{0x000000070ff75f00}: java/lang/ObjectCustomizer> (0x000000070ff75f00) thrown at [./src/hotspot/share/classfile/systemDictionary.cpp, line 230]
Event: 3.228 Thread 0x000002b876c6a000 Exception <a 'java/lang/ClassNotFoundException'{0x000000070ff88180}: org/psd/server/ServerPSD/model/GroupChatCustomizer> (0x000000070ff88180) thrown at [./src/hotspot/share/classfile/systemDictionary.cpp, line 230]
Event: 3.236 Thread 0x000002b876c6a000 Exception <a 'java/lang/reflect/InvocationTargetException'{0x000000070fa122b0}> (0x000000070fa122b0) thrown at [./src/hotspot/share/runtime/reflection.cpp, line 1247]

Events (20 events):
Event: 3.240 loading class cn/edu/buaa/crypto/access/tree/AccessTreeEngine done
Event: 3.240 loading class cn/edu/buaa/crypto/access/UnsatisfiedAccessControlException
Event: 3.240 loading class cn/edu/buaa/crypto/access/UnsatisfiedAccessControlException done
Event: 3.241 loading class cn/edu/buaa/crypto/encryption/abe/kpabe/gpsw06a/generators/KPABEGPSW06aKeyPairGenerator
Event: 3.241 loading class cn/edu/buaa/crypto/encryption/abe/kpabe/gpsw06a/generators/KPABEGPSW06aKeyPairGenerator done
Event: 3.241 loading class cn/edu/buaa/crypto/encryption/abe/kpabe/gpsw06a/serparams/KPABEGPSW06aPublicKeySerParameter
Event: 3.241 loading class cn/edu/buaa/crypto/encryption/abe/kpabe/gpsw06a/serparams/KPABEGPSW06aPublicKeySerParameter done
Event: 3.241 loading class cn/edu/buaa/crypto/encryption/abe/kpabe/gpsw06a/serparams/KPABEGPSW06aMasterSecretKeySerParameter
Event: 3.241 loading class cn/edu/buaa/crypto/encryption/abe/kpabe/gpsw06a/serparams/KPABEGPSW06aMasterSecretKeySerParameter done
Event: 3.243 loading class it/unisa/dia/gas/plaf/jpbc/pairing/map/AbstractMillerPairingMap$JacobPoint
Event: 3.243 loading class it/unisa/dia/gas/plaf/jpbc/pairing/map/AbstractMillerPairingMap$JacobPoint done
Event: 3.251 loading class it/unisa/dia/gas/plaf/jpbc/field/gt/GTFiniteElement
Event: 3.251 loading class it/unisa/dia/gas/plaf/jpbc/field/gt/GTFiniteElement done
Event: 3.252 loading class it/unisa/dia/gas/plaf/jpbc/field/gt/ImmutableGTFiniteElement
Event: 3.252 loading class it/unisa/dia/gas/plaf/jpbc/field/gt/ImmutableGTFiniteElement done
Event: 3.253 loading class it/unisa/dia/gas/plaf/jpbc/field/quadratic/ImmutableDegreeTwoExtensionQuadraticElement
Event: 3.253 loading class it/unisa/dia/gas/plaf/jpbc/field/quadratic/ImmutableDegreeTwoExtensionQuadraticElement done
Event: 3.389 Executing VM operation: ICBufferFull
Event: 3.389 Executing VM operation: ICBufferFull done
Event: 3.519 Executing VM operation: G1CollectForAllocation


Dynamic libraries:
0x00007ff7fa3d0000 - 0x00007ff7fa3dd000 	C:\Program Files\Eclipse Adoptium\jdk-11.0.15.10-hotspot\bin\java.exe
0x00007ffad2af0000 - 0x00007ffad2ce8000 	C:\WINDOWS\SYSTEM32\ntdll.dll
0x00007ffad14e0000 - 0x00007ffad159f000 	C:\WINDOWS\System32\KERNEL32.DLL
0x00007ffad0860000 - 0x00007ffad0b32000 	C:\WINDOWS\System32\KERNELBASE.dll
0x00007ffad0560000 - 0x00007ffad0660000 	C:\WINDOWS\System32\ucrtbase.dll
0x00007ffab9c00000 - 0x00007ffab9c15000 	C:\Program Files\Eclipse Adoptium\jdk-11.0.15.10-hotspot\bin\VCRUNTIME140.dll
0x00007ffab9c20000 - 0x00007ffab9c37000 	C:\Program Files\Eclipse Adoptium\jdk-11.0.15.10-hotspot\bin\jli.dll
0x00007ffad0be0000 - 0x00007ffad0d7d000 	C:\WINDOWS\System32\USER32.dll
0x00007ffad0530000 - 0x00007ffad0552000 	C:\WINDOWS\System32\win32u.dll
0x00007ffac3530000 - 0x00007ffac37ca000 	C:\WINDOWS\WinSxS\amd64_microsoft.windows.common-controls_6595b64144ccf1df_6.0.19041.1110_none_60b5254171f9507e\COMCTL32.dll
0x00007ffad1450000 - 0x00007ffad147b000 	C:\WINDOWS\System32\GDI32.dll
0x00007ffad0b40000 - 0x00007ffad0bde000 	C:\WINDOWS\System32\msvcrt.dll
0x00007ffad0660000 - 0x00007ffad076f000 	C:\WINDOWS\System32\gdi32full.dll
0x00007ffad0770000 - 0x00007ffad080d000 	C:\WINDOWS\System32\msvcp_win.dll
0x00007ffad18a0000 - 0x00007ffad18d2000 	C:\WINDOWS\System32\IMM32.DLL
0x00007ffaad820000 - 0x00007ffaad8bb000 	C:\Program Files\Eclipse Adoptium\jdk-11.0.15.10-hotspot\bin\msvcp140.dll
0x00007ffa4f8d0000 - 0x00007ffa50451000 	C:\Program Files\Eclipse Adoptium\jdk-11.0.15.10-hotspot\bin\server\jvm.dll
0x00007ffad2040000 - 0x00007ffad20ee000 	C:\WINDOWS\System32\ADVAPI32.dll
0x00007ffad1960000 - 0x00007ffad19fc000 	C:\WINDOWS\System32\sechost.dll
0x00007ffad1630000 - 0x00007ffad1755000 	C:\WINDOWS\System32\RPCRT4.dll
0x00007ffad1a00000 - 0x00007ffad1a08000 	C:\WINDOWS\System32\PSAPI.DLL
0x00007ffacd450000 - 0x00007ffacd459000 	C:\WINDOWS\SYSTEM32\WSOCK32.dll
0x00007ffac7370000 - 0x00007ffac7397000 	C:\WINDOWS\SYSTEM32\WINMM.dll
0x00007ffad1760000 - 0x00007ffad17cb000 	C:\WINDOWS\System32\WS2_32.dll
0x00007ffac86f0000 - 0x00007ffac86fa000 	C:\WINDOWS\SYSTEM32\VERSION.dll
0x00007ffacea60000 - 0x00007ffacea72000 	C:\WINDOWS\SYSTEM32\kernel.appcore.dll
0x00007ffabcdc0000 - 0x00007ffabcdd0000 	C:\Program Files\Eclipse Adoptium\jdk-11.0.15.10-hotspot\bin\verify.dll
0x00007fface6d0000 - 0x00007fface8b4000 	C:\WINDOWS\SYSTEM32\DBGHELP.DLL
0x00007ffabc3e0000 - 0x00007ffabc40c000 	C:\WINDOWS\SYSTEM32\dbgcore.DLL
0x00007ffad0220000 - 0x00007ffad02a2000 	C:\WINDOWS\System32\bcryptPrimitives.dll
0x00007ffab6d00000 - 0x00007ffab6d28000 	C:\Program Files\Eclipse Adoptium\jdk-11.0.15.10-hotspot\bin\java.dll
0x00007ffab9bf0000 - 0x00007ffab9bfa000 	C:\Program Files\Eclipse Adoptium\jdk-11.0.15.10-hotspot\bin\jimage.dll
0x00007ffacac90000 - 0x00007ffacac9e000 	C:\Program Files\Eclipse Adoptium\jdk-11.0.15.10-hotspot\bin\instrument.dll
0x00007ffab9540000 - 0x00007ffab9558000 	C:\Program Files\Eclipse Adoptium\jdk-11.0.15.10-hotspot\bin\zip.dll
0x00007ffad20f0000 - 0x00007ffad2833000 	C:\WINDOWS\System32\SHELL32.dll
0x00007ffacdf30000 - 0x00007fface6c2000 	C:\WINDOWS\SYSTEM32\windows.storage.dll
0x00007ffad1080000 - 0x00007ffad13d4000 	C:\WINDOWS\System32\combase.dll
0x00007ffacfc50000 - 0x00007ffacfc80000 	C:\WINDOWS\SYSTEM32\Wldp.dll
0x00007ffad1f90000 - 0x00007ffad203d000 	C:\WINDOWS\System32\SHCORE.dll
0x00007ffad1ac0000 - 0x00007ffad1b15000 	C:\WINDOWS\System32\shlwapi.dll
0x00007ffad0130000 - 0x00007ffad014f000 	C:\WINDOWS\SYSTEM32\profapi.dll
0x00007ffab5c30000 - 0x00007ffab5c49000 	C:\Program Files\Eclipse Adoptium\jdk-11.0.15.10-hotspot\bin\net.dll
0x00007ffac1880000 - 0x00007ffac198c000 	C:\WINDOWS\SYSTEM32\WINHTTP.dll
0x00007ffacf9b0000 - 0x00007ffacfa1a000 	C:\WINDOWS\system32\mswsock.dll
0x00007ffab2170000 - 0x00007ffab2183000 	C:\Program Files\Eclipse Adoptium\jdk-11.0.15.10-hotspot\bin\nio.dll
0x00007ffac4c50000 - 0x00007ffac4c6a000 	C:\Program Files\JetBrains\IntelliJ IDEA Community Edition 2022.2.2\bin\breakgen64.dll
0x00007ffacac80000 - 0x00007ffacac89000 	C:\Program Files\Eclipse Adoptium\jdk-11.0.15.10-hotspot\bin\management.dll
0x00007ffaca670000 - 0x00007ffaca67b000 	C:\Program Files\Eclipse Adoptium\jdk-11.0.15.10-hotspot\bin\management_ext.dll
0x00007ffa94c30000 - 0x00007ffa94c47000 	C:\WINDOWS\system32\napinsp.dll
0x00007ffa94c10000 - 0x00007ffa94c2b000 	C:\WINDOWS\system32\pnrpnsp.dll
0x00007ffab61b0000 - 0x00007ffab61c5000 	C:\WINDOWS\system32\wshbth.dll
0x00007ffacb910000 - 0x00007ffacb92d000 	C:\WINDOWS\system32\NLAapi.dll
0x00007ffacf650000 - 0x00007ffacf68b000 	C:\WINDOWS\SYSTEM32\IPHLPAPI.DLL
0x00007ffacf6a0000 - 0x00007ffacf76a000 	C:\WINDOWS\SYSTEM32\DNSAPI.dll
0x00007ffad1070000 - 0x00007ffad1078000 	C:\WINDOWS\System32\NSI.dll
0x00007ffa94bf0000 - 0x00007ffa94c02000 	C:\WINDOWS\System32\winrnr.dll
0x00007ffac52a0000 - 0x00007ffac52aa000 	C:\Windows\System32\rasadhlp.dll
0x00007ffac2fc0000 - 0x00007ffac3040000 	C:\WINDOWS\System32\fwpuclnt.dll
0x00007ffad01f0000 - 0x00007ffad0217000 	C:\WINDOWS\System32\bcrypt.dll
0x00007ffacfba0000 - 0x00007ffacfbb8000 	C:\WINDOWS\SYSTEM32\CRYPTSP.dll
0x00007ffacf260000 - 0x00007ffacf294000 	C:\WINDOWS\system32\rsaenh.dll
0x00007ffad00f0000 - 0x00007ffad011e000 	C:\WINDOWS\SYSTEM32\USERENV.dll
0x00007ffacfbc0000 - 0x00007ffacfbcc000 	C:\WINDOWS\SYSTEM32\CRYPTBASE.dll
0x00007ffac8980000 - 0x00007ffac8997000 	C:\WINDOWS\SYSTEM32\dhcpcsvc6.DLL
0x00007ffac8960000 - 0x00007ffac897d000 	C:\WINDOWS\SYSTEM32\dhcpcsvc.DLL
0x00007ffac5790000 - 0x00007ffac57b5000 	C:\Program Files\Eclipse Adoptium\jdk-11.0.15.10-hotspot\bin\sunec.dll
0x00007ffaca660000 - 0x00007ffaca66e000 	C:\Program Files\Eclipse Adoptium\jdk-11.0.15.10-hotspot\bin\sunmscapi.dll
0x00007ffad02b0000 - 0x00007ffad0406000 	C:\WINDOWS\System32\CRYPT32.dll
0x00007ffacfcc0000 - 0x00007ffacfce7000 	C:\WINDOWS\SYSTEM32\ncrypt.dll
0x00007ffacfc80000 - 0x00007ffacfcbb000 	C:\WINDOWS\SYSTEM32\NTASN1.dll

dbghelp: loaded successfully - version: 4.0.5 - missing functions: none
symbol engine: initialized successfully - sym options: 0x614 - pdb path: .;C:\Program Files\Eclipse Adoptium\jdk-11.0.15.10-hotspot\bin;C:\WINDOWS\SYSTEM32;C:\WINDOWS\WinSxS\amd64_microsoft.windows.common-controls_6595b64144ccf1df_6.0.19041.1110_none_60b5254171f9507e;C:\Program Files\Eclipse Adoptium\jdk-11.0.15.10-hotspot\bin\server;C:\Program Files\JetBrains\IntelliJ IDEA Community Edition 2022.2.2\bin

VM Arguments:
jvm_args: -javaagent:C:\Program Files\JetBrains\IntelliJ IDEA Community Edition 2022.2.2\lib\idea_rt.jar=61567:C:\Program Files\JetBrains\IntelliJ IDEA Community Edition 2022.2.2\bin -Dfile.encoding=UTF-8 
java_command: org.psd.server.ServerPSD.ServerPSDApplication
java_class_path (initial): C:\Users\Bruno Cotrim\IdeaProjects\PSD\ServerPSD\target\classes;C:\Users\Bruno Cotrim\.m2\repository\org\springframework\boot\spring-boot-starter-data-jpa\2.7.4\spring-boot-starter-data-jpa-2.7.4.jar;C:\Users\Bruno Cotrim\.m2\repository\org\springframework\boot\spring-boot-starter-aop\2.7.4\spring-boot-starter-aop-2.7.4.jar;C:\Users\Bruno Cotrim\.m2\repository\org\aspectj\aspectjweaver\1.9.7\aspectjweaver-1.9.7.jar;C:\Users\Bruno Cotrim\.m2\repository\org\springframework\boot\spring-boot-starter-jdbc\2.7.4\spring-boot-starter-jdbc-2.7.4.jar;C:\Users\Bruno Cotrim\.m2\repository\com\zaxxer\HikariCP\4.0.3\HikariCP-4.0.3.jar;C:\Users\Bruno Cotrim\.m2\repository\org\springframework\spring-jdbc\5.3.23\spring-jdbc-5.3.23.jar;C:\Users\Bruno Cotrim\.m2\repository\jakarta\transaction\jakarta.transaction-api\1.3.3\jakarta.transaction-api-1.3.3.jar;C:\Users\Bruno Cotrim\.m2\repository\jakarta\persistence\jakarta.persistence-api\2.2.3\jakarta.persistence-api-2.2.3.jar;C:\Users\Bruno Cotrim\.m2\repository\org\hibernate\hibernate-core\5.6.11.Final\hibernate-core-5.6.11.Final.jar;C:\Users\Bruno Cotrim\.m2\repository\org\jboss\logging\jboss-logging\3.4.3.Final\jboss-logging-3.4.3.Final.jar;C:\Users\Bruno Cotrim\.m2\repository\net\bytebuddy\byte-buddy\1.12.17\byte-buddy-1.12.17.jar;C:\Users\Bruno Cotrim\.m2\repository\antlr\antlr\2.7.7\antlr-2.7.7.jar;C:\Users\Bruno Cotrim\.m2\repository\org\jboss\jandex\2.4.2.Final\jandex-2.4.2.Final.jar;C:\Users\Bruno Cotrim\.m2\repository\com\fasterxml\classmate\1.5.1\classmate-1.5.1.jar;C:\Users\Bruno Cotrim\.m2\repository\org\hibernate\common\hibernate-commons-annotations\5.1.2.Final\hibernate-commons-annotations-5.1.2.Final.jar;C:\Users\Bruno Cotrim\.m2\repository\org\glassfish\jaxb\jaxb-runtime\2.3.6\jaxb-runtime-2.3.6.jar;C:\Users\Bruno Cotrim\.m2\repository\org\glassfish\jaxb\txw2\2.3.6\txw2-2.3.6.jar;C:\Users\Bruno Cotrim\.m2\repository\com\sun\istack\istack-commons-runtime\3.0.12\istack-commons-runtime-3.0.12.j
Launcher Type: SUN_STANDARD

[Global flags]
     intx CICompilerCount                          = 4                                         {product} {ergonomic}
     uint ConcGCThreads                            = 3                                         {product} {ergonomic}
     uint G1ConcRefinementThreads                  = 10                                        {product} {ergonomic}
   size_t G1HeapRegionSize                         = 1048576                                   {product} {ergonomic}
    uintx GCDrainStackTargetSize                   = 64                                        {product} {ergonomic}
   size_t InitialHeapSize                          = 268435456                                 {product} {ergonomic}
   size_t MarkStackSize                            = 4194304                                   {product} {ergonomic}
   size_t MaxHeapSize                              = 4276092928                                {product} {ergonomic}
   size_t MaxNewSize                               = 2564816896                                {product} {ergonomic}
   size_t MinHeapDeltaBytes                        = 1048576                                   {product} {ergonomic}
    uintx NonNMethodCodeHeapSize                   = 5836300                                {pd product} {ergonomic}
    uintx NonProfiledCodeHeapSize                  = 122910970                              {pd product} {ergonomic}
    uintx ProfiledCodeHeapSize                     = 122910970                              {pd product} {ergonomic}
    uintx ReservedCodeCacheSize                    = 251658240                              {pd product} {ergonomic}
     bool SegmentedCodeCache                       = true                                      {product} {ergonomic}
     bool UseCompressedClassPointers               = true                                 {lp64_product} {ergonomic}
     bool UseCompressedOops                        = true                                 {lp64_product} {ergonomic}
     bool UseG1GC                                  = true                                      {product} {ergonomic}
     bool UseLargePagesIndividualAllocation        = false                                  {pd product} {ergonomic}

Logging:
Log output configuration:
 #0: stdout all=warning uptime,level,tags
 #1: stderr all=off uptime,level,tags

Environment Variables:
JAVA_HOME=C:\Program Files\Java\jdk1.8.0_212
PATH=C:\Program Files\Git\usr\local\bin;C:\Program Files\Git\bin;C:\Program Files\Eclipse Adoptium\jdk-11.0.15.10-hotspot\bin;C:\Program Files (x86)\Common Files\Oracle\Java\javapath;C:\Program Files\Common Files\Oracle\Java\javapath;C:\Program Files (x86)\Razer Chroma SDK\bin;C:\Program Files\Razer Chroma SDK\bin;C:\Program Files (x86)\Razer\ChromaBroadcast\bin;C:\Program Files\Razer\ChromaBroadcast\bin;C:\cygwin64\bin;C:\Windows;C:\Windows\System32\Wbem;C:\Windows\System32\WindowsPowerShell\v1.0\;C:\Windows\System32\OpenSSH\;C:\MinGW\bin;C:\Program Files\NVIDIA Corporation\NVIDIA NvDLISR;C:\Program Files (x86)\NVIDIA Corporation\PhysX\Common;C:\Windows\system32\config\systemprofile\AppData\Local\Microsoft\WindowsApps;C:\WINDOWS\system32;C:\WINDOWS;C:\WINDOWS\System32\Wbem;C:\WINDOWS\System32\WindowsPowerShell\v1.0\;C:\WINDOWS\System32\OpenSSH\;C:\WINDOWS\system32\config\systemprofile\AppData\Local\Microsoft\WindowsApps;C:\Program Files\dotnet\;C:\Program Files\apache-maven-3.8.4\bin;C:\Program Files\Java\jdk1.8.0_212\bin;C:\Program Files\apache-ant-1.10.12\bin;C:\Program Files\Git\cmd;C:\Program Files\Docker\Docker\resources\bin;C:\cygwin64\bin;C:\Users\Bruno Cotrim\AppData\Local\Programs\Microsoft VS Code\bin;;C:\Users\Bruno Cotrim\AppData\Local\Microsoft\WindowsApps
USERNAME=Bruno Cotrim
OS=Windows_NT
PROCESSOR_IDENTIFIER=AMD64 Family 25 Model 33 Stepping 0, AuthenticAMD



---------------  S Y S T E M  ---------------

OS: Windows 10 , 64 bit Build 19041 (10.0.19041.2251)
OS uptime: 2 days 4:06 hours

CPU:total 12 (initial active 12) (12 cores per cpu, 2 threads per core) family 25 model 33 stepping 0 microcode 0x0, cmov, cx8, fxsr, mmx, sse, sse2, sse3, ssse3, sse4.1, sse4.2, popcnt, avx, avx2, aes, clmul, erms, mmxext, 3dnowpref, lzcnt, sse4a, ht, tsc, tscinvbit, tscinv, bmi1, bmi2, adx, sha, fma

Memory: 4k page, system-wide physical 16310M (5599M free)
TotalPageFile size 25526M (AvailPageFile size 7904M)
current process WorkingSet (physical memory assigned to process): 411M, peak: 412M
current process commit charge ("private bytes"): 551M, peak: 555M

vm_info: OpenJDK 64-Bit Server VM (11.0.15+10) for windows-amd64 JRE (11.0.15+10), built on Apr 19 2022 22:29:44 by "" with unknown MS VC++:1916

END.
